{"F:\\CampusEduProject\\api-gateway\\src\\app.js": {"path":"F:\\CampusEduProject\\api-gateway\\src\\app.js","statementMap":{"0":{"start":{"line":4,"column":16},"end":{"line":4,"column":34}},"1":{"start":{"line":5,"column":13},"end":{"line":5,"column":28}},"2":{"start":{"line":6,"column":15},"end":{"line":6,"column":32}},"3":{"start":{"line":7,"column":20},"end":{"line":7,"column":42}},"4":{"start":{"line":8,"column":21},"end":{"line":8,"column":45}},"5":{"start":{"line":11,"column":19},"end":{"line":11,"column":43}},"6":{"start":{"line":12,"column":23},"end":{"line":12,"column":51}},"7":{"start":{"line":13,"column":15},"end":{"line":13,"column":41}},"8":{"start":{"line":16,"column":49},"end":{"line":16,"column":87}},"9":{"start":{"line":22,"column":4},"end":{"line":22,"column":39}},"10":{"start":{"line":23,"column":39},"end":{"line":23,"column":69}},"11":{"start":{"line":24,"column":42},"end":{"line":24,"column":78}},"12":{"start":{"line":25,"column":22},"end":{"line":25,"column":55}},"13":{"start":{"line":28,"column":45},"end":{"line":28,"column":76}},"14":{"start":{"line":29,"column":31},"end":{"line":29,"column":61}},"15":{"start":{"line":31,"column":12},"end":{"line":31,"column":21}},"16":{"start":{"line":34,"column":0},"end":{"line":38,"column":1}},"17":{"start":{"line":35,"column":2},"end":{"line":35,"column":56}},"18":{"start":{"line":37,"column":2},"end":{"line":37,"column":31}},"19":{"start":{"line":47,"column":0},"end":{"line":47,"column":39}},"20":{"start":{"line":50,"column":0},"end":{"line":50,"column":26}},"21":{"start":{"line":53,"column":0},"end":{"line":53,"column":23}},"22":{"start":{"line":62,"column":0},"end":{"line":62,"column":54}},"23":{"start":{"line":65,"column":0},"end":{"line":65,"column":66}},"24":{"start":{"line":68,"column":0},"end":{"line":68,"column":24}},"25":{"start":{"line":77,"column":0},"end":{"line":77,"column":19}},"26":{"start":{"line":80,"column":0},"end":{"line":80,"column":22}},"27":{"start":{"line":83,"column":0},"end":{"line":83,"column":23}},"28":{"start":{"line":95,"column":0},"end":{"line":104,"column":3}},"29":{"start":{"line":96,"column":2},"end":{"line":103,"column":5}},"30":{"start":{"line":110,"column":0},"end":{"line":110,"column":38}},"31":{"start":{"line":116,"column":0},"end":{"line":123,"column":3}},"32":{"start":{"line":117,"column":2},"end":{"line":122,"column":5}},"33":{"start":{"line":132,"column":0},"end":{"line":132,"column":36}},"34":{"start":{"line":135,"column":0},"end":{"line":135,"column":40}},"35":{"start":{"line":136,"column":0},"end":{"line":136,"column":43}},"36":{"start":{"line":137,"column":0},"end":{"line":137,"column":50}},"37":{"start":{"line":140,"column":0},"end":{"line":140,"column":57}},"38":{"start":{"line":149,"column":0},"end":{"line":169,"column":3}},"39":{"start":{"line":150,"column":21},"end":{"line":150,"column":23}},"40":{"start":{"line":153,"column":2},"end":{"line":157,"column":3}},"41":{"start":{"line":154,"column":4},"end":{"line":154,"column":33}},"42":{"start":{"line":155,"column":9},"end":{"line":157,"column":3}},"43":{"start":{"line":156,"column":4},"end":{"line":156,"column":34}},"44":{"start":{"line":160,"column":2},"end":{"line":162,"column":3}},"45":{"start":{"line":161,"column":4},"end":{"line":161,"column":44}},"46":{"start":{"line":165,"column":16},"end":{"line":165,"column":41}},"47":{"start":{"line":168,"column":2},"end":{"line":168,"column":44}},"48":{"start":{"line":178,"column":0},"end":{"line":178,"column":21}},"49":{"start":{"line":181,"column":0},"end":{"line":181,"column":25}},"50":{"start":{"line":184,"column":0},"end":{"line":184,"column":22}},"51":{"start":{"line":186,"column":0},"end":{"line":186,"column":21}}},"fnMap":{"0":{"name":"(anonymous_0)","decl":{"start":{"line":95,"column":19},"end":{"line":95,"column":20}},"loc":{"start":{"line":95,"column":33},"end":{"line":104,"column":1}},"line":95},"1":{"name":"(anonymous_1)","decl":{"start":{"line":116,"column":17},"end":{"line":116,"column":18}},"loc":{"start":{"line":116,"column":31},"end":{"line":123,"column":1}},"line":116},"2":{"name":"(anonymous_2)","decl":{"start":{"line":149,"column":15},"end":{"line":149,"column":16}},"loc":{"start":{"line":149,"column":24},"end":{"line":169,"column":1}},"line":149}},"branchMap":{"0":{"loc":{"start":{"line":34,"column":0},"end":{"line":38,"column":1}},"type":"if","locations":[{"start":{"line":34,"column":0},"end":{"line":38,"column":1}},{"start":{"line":36,"column":7},"end":{"line":38,"column":1}}],"line":34},"1":{"loc":{"start":{"line":153,"column":2},"end":{"line":157,"column":3}},"type":"if","locations":[{"start":{"line":153,"column":2},"end":{"line":157,"column":3}},{"start":{"line":155,"column":9},"end":{"line":157,"column":3}}],"line":153},"2":{"loc":{"start":{"line":155,"column":9},"end":{"line":157,"column":3}},"type":"if","locations":[{"start":{"line":155,"column":9},"end":{"line":157,"column":3}},{"start":{},"end":{}}],"line":155},"3":{"loc":{"start":{"line":160,"column":2},"end":{"line":162,"column":3}},"type":"if","locations":[{"start":{"line":160,"column":2},"end":{"line":162,"column":3}},{"start":{},"end":{}}],"line":160},"4":{"loc":{"start":{"line":160,"column":6},"end":{"line":160,"column":43}},"type":"binary-expr","locations":[{"start":{"line":160,"column":6},"end":{"line":160,"column":17}},{"start":{"line":160,"column":21},"end":{"line":160,"column":43}}],"line":160}},"s":{"0":2,"1":2,"2":2,"3":2,"4":2,"5":2,"6":2,"7":2,"8":2,"9":2,"10":2,"11":2,"12":2,"13":2,"14":2,"15":2,"16":2,"17":0,"18":2,"19":2,"20":2,"21":2,"22":2,"23":2,"24":2,"25":2,"26":2,"27":2,"28":2,"29":3,"30":2,"31":2,"32":1,"33":2,"34":2,"35":2,"36":2,"37":2,"38":2,"39":20,"40":20,"41":12,"42":8,"43":0,"44":20,"45":6,"46":20,"47":20,"48":2,"49":2,"50":2,"51":2},"f":{"0":3,"1":1,"2":20},"b":{"0":[0,2],"1":[12,8],"2":[0,8],"3":[6,14],"4":[20,6]},"_coverageSchema":"1a1c01bbd47fc00a2c39e90264f33305004495a9","hash":"a5e886883e566ecef89e4b0d3218059ecc5edfa5"}
,"F:\\CampusEduProject\\api-gateway\\src\\index.js": {"path":"F:\\CampusEduProject\\api-gateway\\src\\index.js","statementMap":{"0":{"start":{"line":4,"column":0},"end":{"line":4,"column":37}}},"fnMap":{},"branchMap":{},"s":{"0":0},"f":{},"b":{}}
,"F:\\CampusEduProject\\api-gateway\\src\\config\\cors.js": {"path":"F:\\CampusEduProject\\api-gateway\\src\\config\\cors.js","statementMap":{"0":{"start":{"line":4,"column":0},"end":{"line":22,"column":2}}},"fnMap":{},"branchMap":{"0":{"loc":{"start":{"line":5,"column":10},"end":{"line":5,"column":40}},"type":"binary-expr","locations":[{"start":{"line":5,"column":10},"end":{"line":5,"column":33}},{"start":{"line":5,"column":37},"end":{"line":5,"column":40}}],"line":5}},"s":{"0":2},"f":{},"b":{"0":[2,2]},"_coverageSchema":"1a1c01bbd47fc00a2c39e90264f33305004495a9","hash":"2e89ea87d223659a787ec3a7236e837560743f8b"}
,"F:\\CampusEduProject\\api-gateway\\src\\config\\rateLimit.js": {"path":"F:\\CampusEduProject\\api-gateway\\src\\config\\rateLimit.js","statementMap":{"0":{"start":{"line":4,"column":0},"end":{"line":56,"column":2}}},"fnMap":{},"branchMap":{},"s":{"0":2},"f":{},"b":{},"_coverageSchema":"1a1c01bbd47fc00a2c39e90264f33305004495a9","hash":"6b6d2e3c62731e4c30f7c4a4c5795062e121927f"}
,"F:\\CampusEduProject\\api-gateway\\src\\config\\routes.js": {"path":"F:\\CampusEduProject\\api-gateway\\src\\config\\routes.js","statementMap":{"0":{"start":{"line":10,"column":17},"end":{"line":10,"column":38}},"1":{"start":{"line":12,"column":0},"end":{"line":133,"column":2}}},"fnMap":{},"branchMap":{},"s":{"0":2,"1":2},"f":{},"b":{},"_coverageSchema":"1a1c01bbd47fc00a2c39e90264f33305004495a9","hash":"0f248d8bd0aa65af8abee0f05a53eff328b53bd5"}
,"F:\\CampusEduProject\\api-gateway\\src\\config\\security.js": {"path":"F:\\CampusEduProject\\api-gateway\\src\\config\\security.js","statementMap":{"0":{"start":{"line":4,"column":0},"end":{"line":48,"column":2}}},"fnMap":{},"branchMap":{"0":{"loc":{"start":{"line":45,"column":18},"end":{"line":47,"column":8}},"type":"cond-expr","locations":[{"start":{"line":46,"column":6},"end":{"line":46,"column":44}},{"start":{"line":47,"column":6},"end":{"line":47,"column":8}}],"line":45}},"s":{"0":3},"f":{},"b":{"0":[0,3]},"_coverageSchema":"1a1c01bbd47fc00a2c39e90264f33305004495a9","hash":"204b14e84f7024f8ad00ed3b252057ad58b28a11"}
,"F:\\CampusEduProject\\api-gateway\\src\\config\\services.js": {"path":"F:\\CampusEduProject\\api-gateway\\src\\config\\services.js","statementMap":{"0":{"start":{"line":4,"column":0},"end":{"line":30,"column":2}}},"fnMap":{},"branchMap":{"0":{"loc":{"start":{"line":6,"column":9},"end":{"line":6,"column":64}},"type":"binary-expr","locations":[{"start":{"line":6,"column":9},"end":{"line":6,"column":37}},{"start":{"line":6,"column":41},"end":{"line":6,"column":64}}],"line":6},"1":{"loc":{"start":{"line":11,"column":9},"end":{"line":11,"column":67}},"type":"binary-expr","locations":[{"start":{"line":11,"column":9},"end":{"line":11,"column":40}},{"start":{"line":11,"column":44},"end":{"line":11,"column":67}}],"line":11},"2":{"loc":{"start":{"line":16,"column":9},"end":{"line":16,"column":68}},"type":"binary-expr","locations":[{"start":{"line":16,"column":9},"end":{"line":16,"column":41}},{"start":{"line":16,"column":45},"end":{"line":16,"column":68}}],"line":16},"3":{"loc":{"start":{"line":21,"column":9},"end":{"line":21,"column":65}},"type":"binary-expr","locations":[{"start":{"line":21,"column":9},"end":{"line":21,"column":38}},{"start":{"line":21,"column":42},"end":{"line":21,"column":65}}],"line":21},"4":{"loc":{"start":{"line":26,"column":9},"end":{"line":26,"column":67}},"type":"binary-expr","locations":[{"start":{"line":26,"column":9},"end":{"line":26,"column":40}},{"start":{"line":26,"column":44},"end":{"line":26,"column":67}}],"line":26}},"s":{"0":2},"f":{},"b":{"0":[2,2],"1":[2,2],"2":[2,2],"3":[2,2],"4":[2,2]},"_coverageSchema":"1a1c01bbd47fc00a2c39e90264f33305004495a9","hash":"e60db7aaa91a8fc461bbd6d0305a452bb3157421"}
,"F:\\CampusEduProject\\api-gateway\\src\\middleware\\authMiddleware.js": {"path":"F:\\CampusEduProject\\api-gateway\\src\\middleware\\authMiddleware.js","statementMap":{"0":{"start":{"line":4,"column":12},"end":{"line":4,"column":35}},"1":{"start":{"line":5,"column":23},"end":{"line":5,"column":52}},"2":{"start":{"line":6,"column":19},"end":{"line":6,"column":38}},"3":{"start":{"line":13,"column":20},"end":{"line":69,"column":1}},"4":{"start":{"line":14,"column":2},"end":{"line":68,"column":3}},"5":{"start":{"line":15,"column":23},"end":{"line":15,"column":48}},"6":{"start":{"line":17,"column":4},"end":{"line":22,"column":5}},"7":{"start":{"line":18,"column":6},"end":{"line":21,"column":9}},"8":{"start":{"line":24,"column":18},"end":{"line":24,"column":41}},"9":{"start":{"line":27,"column":20},"end":{"line":29,"column":6}},"10":{"start":{"line":32,"column":4},"end":{"line":38,"column":6}},"11":{"start":{"line":40,"column":4},"end":{"line":43,"column":7}},"12":{"start":{"line":45,"column":4},"end":{"line":45,"column":11}},"13":{"start":{"line":47,"column":4},"end":{"line":67,"column":5}},"14":{"start":{"line":48,"column":6},"end":{"line":51,"column":9}},"15":{"start":{"line":52,"column":11},"end":{"line":67,"column":5}},"16":{"start":{"line":53,"column":6},"end":{"line":57,"column":9}},"17":{"start":{"line":59,"column":6},"end":{"line":62,"column":9}},"18":{"start":{"line":63,"column":6},"end":{"line":66,"column":9}},"19":{"start":{"line":77,"column":21},"end":{"line":109,"column":1}},"20":{"start":{"line":78,"column":2},"end":{"line":108,"column":3}},"21":{"start":{"line":79,"column":23},"end":{"line":79,"column":48}},"22":{"start":{"line":81,"column":4},"end":{"line":102,"column":5}},"23":{"start":{"line":82,"column":20},"end":{"line":82,"column":43}},"24":{"start":{"line":84,"column":6},"end":{"line":101,"column":7}},"25":{"start":{"line":85,"column":24},"end":{"line":87,"column":10}},"26":{"start":{"line":89,"column":8},"end":{"line":93,"column":10}},"27":{"start":{"line":95,"column":8},"end":{"line":97,"column":11}},"28":{"start":{"line":100,"column":8},"end":{"line":100,"column":74}},"29":{"start":{"line":104,"column":4},"end":{"line":104,"column":11}},"30":{"start":{"line":106,"column":4},"end":{"line":106,"column":66}},"31":{"start":{"line":107,"column":4},"end":{"line":107,"column":11}},"32":{"start":{"line":116,"column":18},"end":{"line":142,"column":1}},"33":{"start":{"line":117,"column":2},"end":{"line":141,"column":4}},"34":{"start":{"line":118,"column":4},"end":{"line":123,"column":5}},"35":{"start":{"line":119,"column":6},"end":{"line":122,"column":9}},"36":{"start":{"line":125,"column":4},"end":{"line":138,"column":5}},"37":{"start":{"line":126,"column":6},"end":{"line":131,"column":9}},"38":{"start":{"line":133,"column":6},"end":{"line":137,"column":9}},"39":{"start":{"line":140,"column":4},"end":{"line":140,"column":11}},"40":{"start":{"line":149,"column":21},"end":{"line":149,"column":41}},"41":{"start":{"line":156,"column":23},"end":{"line":156,"column":54}},"42":{"start":{"line":163,"column":24},"end":{"line":163,"column":56}},"43":{"start":{"line":165,"column":0},"end":{"line":172,"column":2}}},"fnMap":{"0":{"name":"(anonymous_0)","decl":{"start":{"line":13,"column":20},"end":{"line":13,"column":21}},"loc":{"start":{"line":13,"column":40},"end":{"line":69,"column":1}},"line":13},"1":{"name":"(anonymous_1)","decl":{"start":{"line":77,"column":21},"end":{"line":77,"column":22}},"loc":{"start":{"line":77,"column":41},"end":{"line":109,"column":1}},"line":77},"2":{"name":"(anonymous_2)","decl":{"start":{"line":116,"column":18},"end":{"line":116,"column":19}},"loc":{"start":{"line":116,"column":36},"end":{"line":142,"column":1}},"line":116},"3":{"name":"(anonymous_3)","decl":{"start":{"line":117,"column":9},"end":{"line":117,"column":10}},"loc":{"start":{"line":117,"column":29},"end":{"line":141,"column":3}},"line":117}},"branchMap":{"0":{"loc":{"start":{"line":17,"column":4},"end":{"line":22,"column":5}},"type":"if","locations":[{"start":{"line":17,"column":4},"end":{"line":22,"column":5}},{"start":{},"end":{}}],"line":17},"1":{"loc":{"start":{"line":17,"column":8},"end":{"line":17,"column":56}},"type":"binary-expr","locations":[{"start":{"line":17,"column":8},"end":{"line":17,"column":19}},{"start":{"line":17,"column":23},"end":{"line":17,"column":56}}],"line":17},"2":{"loc":{"start":{"line":47,"column":4},"end":{"line":67,"column":5}},"type":"if","locations":[{"start":{"line":47,"column":4},"end":{"line":67,"column":5}},{"start":{"line":52,"column":11},"end":{"line":67,"column":5}}],"line":47},"3":{"loc":{"start":{"line":52,"column":11},"end":{"line":67,"column":5}},"type":"if","locations":[{"start":{"line":52,"column":11},"end":{"line":67,"column":5}},{"start":{"line":58,"column":11},"end":{"line":67,"column":5}}],"line":52},"4":{"loc":{"start":{"line":81,"column":4},"end":{"line":102,"column":5}},"type":"if","locations":[{"start":{"line":81,"column":4},"end":{"line":102,"column":5}},{"start":{},"end":{}}],"line":81},"5":{"loc":{"start":{"line":81,"column":8},"end":{"line":81,"column":54}},"type":"binary-expr","locations":[{"start":{"line":81,"column":8},"end":{"line":81,"column":18}},{"start":{"line":81,"column":22},"end":{"line":81,"column":54}}],"line":81},"6":{"loc":{"start":{"line":118,"column":4},"end":{"line":123,"column":5}},"type":"if","locations":[{"start":{"line":118,"column":4},"end":{"line":123,"column":5}},{"start":{},"end":{}}],"line":118},"7":{"loc":{"start":{"line":125,"column":4},"end":{"line":138,"column":5}},"type":"if","locations":[{"start":{"line":125,"column":4},"end":{"line":138,"column":5}},{"start":{},"end":{}}],"line":125}},"s":{"0":3,"1":3,"2":3,"3":3,"4":3,"5":3,"6":3,"7":1,"8":2,"9":2,"10":1,"11":1,"12":1,"13":1,"14":1,"15":0,"16":0,"17":0,"18":0,"19":3,"20":0,"21":0,"22":0,"23":0,"24":0,"25":0,"26":0,"27":0,"28":0,"29":0,"30":0,"31":0,"32":3,"33":17,"34":2,"35":0,"36":2,"37":1,"38":1,"39":1,"40":3,"41":3,"42":3,"43":3},"f":{"0":3,"1":0,"2":17,"3":2},"b":{"0":[1,2],"1":[3,2],"2":[1,0],"3":[0,0],"4":[0,0],"5":[0,0],"6":[0,2],"7":[1,1]},"_coverageSchema":"1a1c01bbd47fc00a2c39e90264f33305004495a9","hash":"15e6c20db46956a8c932d7113f62395db2f78f79"}
,"F:\\CampusEduProject\\api-gateway\\src\\middleware\\errorHandler.js": {"path":"F:\\CampusEduProject\\api-gateway\\src\\middleware\\errorHandler.js","statementMap":{"0":{"start":{"line":4,"column":19},"end":{"line":4,"column":38}},"1":{"start":{"line":9,"column":24},"end":{"line":22,"column":1}},"2":{"start":{"line":10,"column":2},"end":{"line":14,"column":5}},"3":{"start":{"line":16,"column":2},"end":{"line":21,"column":5}},"4":{"start":{"line":27,"column":21},"end":{"line":73,"column":1}},"5":{"start":{"line":29,"column":2},"end":{"line":35,"column":5}},"6":{"start":{"line":38,"column":19},"end":{"line":38,"column":40}},"7":{"start":{"line":39,"column":16},"end":{"line":39,"column":54}},"8":{"start":{"line":42,"column":2},"end":{"line":60,"column":3}},"9":{"start":{"line":43,"column":4},"end":{"line":43,"column":21}},"10":{"start":{"line":44,"column":4},"end":{"line":44,"column":33}},"11":{"start":{"line":45,"column":9},"end":{"line":60,"column":3}},"12":{"start":{"line":46,"column":4},"end":{"line":46,"column":21}},"13":{"start":{"line":47,"column":4},"end":{"line":47,"column":29}},"14":{"start":{"line":48,"column":9},"end":{"line":60,"column":3}},"15":{"start":{"line":49,"column":4},"end":{"line":49,"column":21}},"16":{"start":{"line":50,"column":4},"end":{"line":50,"column":26}},"17":{"start":{"line":51,"column":9},"end":{"line":60,"column":3}},"18":{"start":{"line":52,"column":4},"end":{"line":52,"column":21}},"19":{"start":{"line":53,"column":4},"end":{"line":53,"column":35}},"20":{"start":{"line":54,"column":9},"end":{"line":60,"column":3}},"21":{"start":{"line":55,"column":4},"end":{"line":55,"column":21}},"22":{"start":{"line":56,"column":4},"end":{"line":56,"column":36}},"23":{"start":{"line":57,"column":9},"end":{"line":60,"column":3}},"24":{"start":{"line":58,"column":4},"end":{"line":58,"column":21}},"25":{"start":{"line":59,"column":4},"end":{"line":59,"column":32}},"26":{"start":{"line":63,"column":19},"end":{"line":70,"column":3}},"27":{"start":{"line":72,"column":2},"end":{"line":72,"column":40}},"28":{"start":{"line":75,"column":0},"end":{"line":78,"column":2}}},"fnMap":{"0":{"name":"(anonymous_0)","decl":{"start":{"line":9,"column":24},"end":{"line":9,"column":25}},"loc":{"start":{"line":9,"column":38},"end":{"line":22,"column":1}},"line":9},"1":{"name":"(anonymous_1)","decl":{"start":{"line":27,"column":21},"end":{"line":27,"column":22}},"loc":{"start":{"line":27,"column":46},"end":{"line":73,"column":1}},"line":27}},"branchMap":{"0":{"loc":{"start":{"line":38,"column":19},"end":{"line":38,"column":40}},"type":"binary-expr","locations":[{"start":{"line":38,"column":19},"end":{"line":38,"column":33}},{"start":{"line":38,"column":37},"end":{"line":38,"column":40}}],"line":38},"1":{"loc":{"start":{"line":39,"column":16},"end":{"line":39,"column":54}},"type":"binary-expr","locations":[{"start":{"line":39,"column":16},"end":{"line":39,"column":27}},{"start":{"line":39,"column":31},"end":{"line":39,"column":54}}],"line":39},"2":{"loc":{"start":{"line":42,"column":2},"end":{"line":60,"column":3}},"type":"if","locations":[{"start":{"line":42,"column":2},"end":{"line":60,"column":3}},{"start":{"line":45,"column":9},"end":{"line":60,"column":3}}],"line":42},"3":{"loc":{"start":{"line":45,"column":9},"end":{"line":60,"column":3}},"type":"if","locations":[{"start":{"line":45,"column":9},"end":{"line":60,"column":3}},{"start":{"line":48,"column":9},"end":{"line":60,"column":3}}],"line":45},"4":{"loc":{"start":{"line":48,"column":9},"end":{"line":60,"column":3}},"type":"if","locations":[{"start":{"line":48,"column":9},"end":{"line":60,"column":3}},{"start":{"line":51,"column":9},"end":{"line":60,"column":3}}],"line":48},"5":{"loc":{"start":{"line":51,"column":9},"end":{"line":60,"column":3}},"type":"if","locations":[{"start":{"line":51,"column":9},"end":{"line":60,"column":3}},{"start":{"line":54,"column":9},"end":{"line":60,"column":3}}],"line":51},"6":{"loc":{"start":{"line":54,"column":9},"end":{"line":60,"column":3}},"type":"if","locations":[{"start":{"line":54,"column":9},"end":{"line":60,"column":3}},{"start":{"line":57,"column":9},"end":{"line":60,"column":3}}],"line":54},"7":{"loc":{"start":{"line":57,"column":9},"end":{"line":60,"column":3}},"type":"if","locations":[{"start":{"line":57,"column":9},"end":{"line":60,"column":3}},{"start":{},"end":{}}],"line":57},"8":{"loc":{"start":{"line":66,"column":8},"end":{"line":69,"column":5}},"type":"binary-expr","locations":[{"start":{"line":66,"column":8},"end":{"line":66,"column":46}},{"start":{"line":66,"column":50},"end":{"line":69,"column":5}}],"line":66}},"s":{"0":2,"1":2,"2":1,"3":1,"4":2,"5":0,"6":0,"7":0,"8":0,"9":0,"10":0,"11":0,"12":0,"13":0,"14":0,"15":0,"16":0,"17":0,"18":0,"19":0,"20":0,"21":0,"22":0,"23":0,"24":0,"25":0,"26":0,"27":0,"28":2},"f":{"0":1,"1":0},"b":{"0":[0,0],"1":[0,0],"2":[0,0],"3":[0,0],"4":[0,0],"5":[0,0],"6":[0,0],"7":[0,0],"8":[0,0]},"_coverageSchema":"1a1c01bbd47fc00a2c39e90264f33305004495a9","hash":"5bb17faa247d5d2e1f0180d49d828db15f4865cb"}
,"F:\\CampusEduProject\\api-gateway\\src\\middleware\\logger.js": {"path":"F:\\CampusEduProject\\api-gateway\\src\\middleware\\logger.js","statementMap":{"0":{"start":{"line":4,"column":16},"end":{"line":4,"column":34}},"1":{"start":{"line":5,"column":13},"end":{"line":5,"column":28}},"2":{"start":{"line":8,"column":11},"end":{"line":8,"column":24}},"3":{"start":{"line":9,"column":16},"end":{"line":9,"column":50}},"4":{"start":{"line":10,"column":0},"end":{"line":12,"column":1}},"5":{"start":{"line":11,"column":2},"end":{"line":11,"column":45}},"6":{"start":{"line":17,"column":21},"end":{"line":22,"column":1}},"7":{"start":{"line":27,"column":22},"end":{"line":34,"column":1}},"8":{"start":{"line":31,"column":18},"end":{"line":31,"column":79}},"9":{"start":{"line":32,"column":4},"end":{"line":32,"column":60}},"10":{"start":{"line":39,"column":15},"end":{"line":58,"column":2}},"11":{"start":{"line":61,"column":0},"end":{"line":65,"column":1}},"12":{"start":{"line":62,"column":2},"end":{"line":64,"column":6}},"13":{"start":{"line":70,"column":22},"end":{"line":98,"column":1}},"14":{"start":{"line":71,"column":20},"end":{"line":71,"column":30}},"15":{"start":{"line":74,"column":2},"end":{"line":80,"column":5}},"16":{"start":{"line":83,"column":2},"end":{"line":95,"column":5}},"17":{"start":{"line":84,"column":21},"end":{"line":84,"column":43}},"18":{"start":{"line":85,"column":21},"end":{"line":85,"column":60}},"19":{"start":{"line":87,"column":4},"end":{"line":94,"column":7}},"20":{"start":{"line":97,"column":2},"end":{"line":97,"column":9}},"21":{"start":{"line":103,"column":20},"end":{"line":114,"column":1}},"22":{"start":{"line":104,"column":2},"end":{"line":111,"column":5}},"23":{"start":{"line":113,"column":2},"end":{"line":113,"column":12}},"24":{"start":{"line":116,"column":0},"end":{"line":120,"column":2}}},"fnMap":{"0":{"name":"(anonymous_0)","decl":{"start":{"line":30,"column":24},"end":{"line":30,"column":25}},"loc":{"start":{"line":30,"column":68},"end":{"line":33,"column":3}},"line":30},"1":{"name":"(anonymous_1)","decl":{"start":{"line":70,"column":22},"end":{"line":70,"column":23}},"loc":{"start":{"line":70,"column":42},"end":{"line":98,"column":1}},"line":70},"2":{"name":"(anonymous_2)","decl":{"start":{"line":83,"column":19},"end":{"line":83,"column":20}},"loc":{"start":{"line":83,"column":25},"end":{"line":95,"column":3}},"line":83},"3":{"name":"(anonymous_3)","decl":{"start":{"line":103,"column":20},"end":{"line":103,"column":21}},"loc":{"start":{"line":103,"column":45},"end":{"line":114,"column":1}},"line":103}},"branchMap":{"0":{"loc":{"start":{"line":10,"column":0},"end":{"line":12,"column":1}},"type":"if","locations":[{"start":{"line":10,"column":0},"end":{"line":12,"column":1}},{"start":{},"end":{}}],"line":10},"1":{"loc":{"start":{"line":31,"column":18},"end":{"line":31,"column":79}},"type":"cond-expr","locations":[{"start":{"line":31,"column":45},"end":{"line":31,"column":74}},{"start":{"line":31,"column":77},"end":{"line":31,"column":79}}],"line":31},"2":{"loc":{"start":{"line":40,"column":9},"end":{"line":40,"column":40}},"type":"binary-expr","locations":[{"start":{"line":40,"column":9},"end":{"line":40,"column":30}},{"start":{"line":40,"column":34},"end":{"line":40,"column":40}}],"line":40},"3":{"loc":{"start":{"line":61,"column":0},"end":{"line":65,"column":1}},"type":"if","locations":[{"start":{"line":61,"column":0},"end":{"line":65,"column":1}},{"start":{},"end":{}}],"line":61},"4":{"loc":{"start":{"line":85,"column":21},"end":{"line":85,"column":60}},"type":"cond-expr","locations":[{"start":{"line":85,"column":45},"end":{"line":85,"column":51}},{"start":{"line":85,"column":54},"end":{"line":85,"column":60}}],"line":85}},"s":{"0":4,"1":4,"2":4,"3":4,"4":4,"5":0,"6":4,"7":4,"8":18,"9":18,"10":4,"11":4,"12":4,"13":4,"14":5,"15":5,"16":5,"17":5,"18":5,"19":5,"20":5,"21":4,"22":0,"23":0,"24":4},"f":{"0":18,"1":5,"2":5,"3":0},"b":{"0":[0,4],"1":[18,0],"2":[4,4],"3":[4,0],"4":[1,4]},"_coverageSchema":"1a1c01bbd47fc00a2c39e90264f33305004495a9","hash":"e179ea24d8c38e7c45dd35006239a5e2c3766510"}
,"F:\\CampusEduProject\\api-gateway\\src\\middleware\\rateLimiter.js": {"path":"F:\\CampusEduProject\\api-gateway\\src\\middleware\\rateLimiter.js","statementMap":{"0":{"start":{"line":4,"column":18},"end":{"line":4,"column":47}},"1":{"start":{"line":5,"column":24},"end":{"line":5,"column":54}},"2":{"start":{"line":6,"column":19},"end":{"line":6,"column":38}},"3":{"start":{"line":11,"column":26},"end":{"line":29,"column":1}},"4":{"start":{"line":12,"column":2},"end":{"line":28,"column":5}},"5":{"start":{"line":15,"column":6},"end":{"line":20,"column":9}},"6":{"start":{"line":22,"column":6},"end":{"line":22,"column":43}},"7":{"start":{"line":26,"column":6},"end":{"line":26,"column":85}},"8":{"start":{"line":34,"column":19},"end":{"line":34,"column":57}},"9":{"start":{"line":39,"column":20},"end":{"line":39,"column":59}},"10":{"start":{"line":44,"column":22},"end":{"line":44,"column":63}},"11":{"start":{"line":49,"column":21},"end":{"line":49,"column":61}},"12":{"start":{"line":54,"column":27},"end":{"line":59,"column":1}},"13":{"start":{"line":55,"column":2},"end":{"line":57,"column":3}},"14":{"start":{"line":56,"column":4},"end":{"line":56,"column":40}},"15":{"start":{"line":58,"column":2},"end":{"line":58,"column":36}},"16":{"start":{"line":61,"column":0},"end":{"line":67,"column":2}}},"fnMap":{"0":{"name":"(anonymous_0)","decl":{"start":{"line":11,"column":26},"end":{"line":11,"column":27}},"loc":{"start":{"line":11,"column":38},"end":{"line":29,"column":1}},"line":11},"1":{"name":"(anonymous_1)","decl":{"start":{"line":14,"column":13},"end":{"line":14,"column":14}},"loc":{"start":{"line":14,"column":27},"end":{"line":23,"column":5}},"line":14},"2":{"name":"(anonymous_2)","decl":{"start":{"line":24,"column":10},"end":{"line":24,"column":11}},"loc":{"start":{"line":24,"column":19},"end":{"line":27,"column":5}},"line":24},"3":{"name":"(anonymous_3)","decl":{"start":{"line":54,"column":27},"end":{"line":54,"column":28}},"loc":{"start":{"line":54,"column":47},"end":{"line":59,"column":1}},"line":54}},"branchMap":{"0":{"loc":{"start":{"line":26,"column":13},"end":{"line":26,"column":84}},"type":"binary-expr","locations":[{"start":{"line":26,"column":13},"end":{"line":26,"column":35}},{"start":{"line":26,"column":39},"end":{"line":26,"column":60}},{"start":{"line":26,"column":64},"end":{"line":26,"column":84}}],"line":26},"1":{"loc":{"start":{"line":55,"column":2},"end":{"line":57,"column":3}},"type":"if","locations":[{"start":{"line":55,"column":2},"end":{"line":57,"column":3}},{"start":{},"end":{}}],"line":55},"2":{"loc":{"start":{"line":55,"column":6},"end":{"line":55,"column":43}},"type":"binary-expr","locations":[{"start":{"line":55,"column":6},"end":{"line":55,"column":14}},{"start":{"line":55,"column":18},"end":{"line":55,"column":43}}],"line":55}},"s":{"0":2,"1":2,"2":2,"3":2,"4":8,"5":0,"6":0,"7":1,"8":2,"9":2,"10":2,"11":2,"12":2,"13":1,"14":0,"15":1,"16":2},"f":{"0":8,"1":0,"2":1,"3":1},"b":{"0":[1,1,1],"1":[0,1],"2":[1,0]},"_coverageSchema":"1a1c01bbd47fc00a2c39e90264f33305004495a9","hash":"76667eb6aa0e164a688d242edf553a1c52347490"}
,"F:\\CampusEduProject\\api-gateway\\src\\middleware\\requestId.js": {"path":"F:\\CampusEduProject\\api-gateway\\src\\middleware\\requestId.js","statementMap":{"0":{"start":{"line":4,"column":15},"end":{"line":4,"column":32}},"1":{"start":{"line":9,"column":18},"end":{"line":13,"column":1}},"2":{"start":{"line":10,"column":2},"end":{"line":10,"column":62}},"3":{"start":{"line":11,"column":2},"end":{"line":11,"column":40}},"4":{"start":{"line":12,"column":2},"end":{"line":12,"column":9}},"5":{"start":{"line":15,"column":0},"end":{"line":15,"column":31}}},"fnMap":{"0":{"name":"(anonymous_0)","decl":{"start":{"line":9,"column":18},"end":{"line":9,"column":19}},"loc":{"start":{"line":9,"column":38},"end":{"line":13,"column":1}},"line":9}},"branchMap":{"0":{"loc":{"start":{"line":10,"column":11},"end":{"line":10,"column":61}},"type":"binary-expr","locations":[{"start":{"line":10,"column":11},"end":{"line":10,"column":38}},{"start":{"line":10,"column":42},"end":{"line":10,"column":61}}],"line":10}},"s":{"0":2,"1":2,"2":5,"3":5,"4":5,"5":2},"f":{"0":5},"b":{"0":[5,5]},"_coverageSchema":"1a1c01bbd47fc00a2c39e90264f33305004495a9","hash":"45863b74060de7420ad48249731db4d8a2bbef2a"}
,"F:\\CampusEduProject\\api-gateway\\src\\proxy\\circuitBreaker.js": {"path":"F:\\CampusEduProject\\api-gateway\\src\\proxy\\circuitBreaker.js","statementMap":{"0":{"start":{"line":5,"column":19},"end":{"line":5,"column":50}},"1":{"start":{"line":9,"column":4},"end":{"line":9,"column":35}},"2":{"start":{"line":10,"column":4},"end":{"line":10,"column":58}},"3":{"start":{"line":11,"column":4},"end":{"line":11,"column":54}},"4":{"start":{"line":12,"column":4},"end":{"line":12,"column":62}},"5":{"start":{"line":14,"column":4},"end":{"line":14,"column":26}},"6":{"start":{"line":15,"column":4},"end":{"line":15,"column":22}},"7":{"start":{"line":16,"column":4},"end":{"line":16,"column":32}},"8":{"start":{"line":17,"column":4},"end":{"line":17,"column":26}},"9":{"start":{"line":24,"column":4},"end":{"line":32,"column":5}},"10":{"start":{"line":26,"column":6},"end":{"line":31,"column":7}},"11":{"start":{"line":27,"column":8},"end":{"line":27,"column":33}},"12":{"start":{"line":28,"column":8},"end":{"line":28,"column":92}},"13":{"start":{"line":30,"column":8},"end":{"line":30,"column":75}},"14":{"start":{"line":34,"column":4},"end":{"line":41,"column":5}},"15":{"start":{"line":35,"column":21},"end":{"line":35,"column":36}},"16":{"start":{"line":36,"column":6},"end":{"line":36,"column":23}},"17":{"start":{"line":37,"column":6},"end":{"line":37,"column":20}},"18":{"start":{"line":39,"column":6},"end":{"line":39,"column":23}},"19":{"start":{"line":40,"column":6},"end":{"line":40,"column":18}},"20":{"start":{"line":48,"column":4},"end":{"line":48,"column":22}},"21":{"start":{"line":50,"column":4},"end":{"line":58,"column":5}},"22":{"start":{"line":51,"column":6},"end":{"line":51,"column":26}},"23":{"start":{"line":53,"column":6},"end":{"line":57,"column":7}},"24":{"start":{"line":54,"column":8},"end":{"line":54,"column":30}},"25":{"start":{"line":55,"column":8},"end":{"line":55,"column":30}},"26":{"start":{"line":56,"column":8},"end":{"line":56,"column":67}},"27":{"start":{"line":65,"column":4},"end":{"line":65,"column":20}},"28":{"start":{"line":66,"column":4},"end":{"line":66,"column":38}},"29":{"start":{"line":68,"column":4},"end":{"line":72,"column":5}},"30":{"start":{"line":69,"column":6},"end":{"line":69,"column":26}},"31":{"start":{"line":70,"column":6},"end":{"line":70,"column":101}},"32":{"start":{"line":71,"column":6},"end":{"line":71,"column":13}},"33":{"start":{"line":74,"column":4},"end":{"line":77,"column":5}},"34":{"start":{"line":75,"column":6},"end":{"line":75,"column":26}},"35":{"start":{"line":76,"column":6},"end":{"line":76,"column":96}},"36":{"start":{"line":84,"column":4},"end":{"line":90,"column":6}},"37":{"start":{"line":97,"column":4},"end":{"line":97,"column":26}},"38":{"start":{"line":98,"column":4},"end":{"line":98,"column":22}},"39":{"start":{"line":99,"column":4},"end":{"line":99,"column":32}},"40":{"start":{"line":100,"column":4},"end":{"line":100,"column":26}},"41":{"start":{"line":101,"column":4},"end":{"line":101,"column":71}},"42":{"start":{"line":106,"column":24},"end":{"line":106,"column":26}},"43":{"start":{"line":108,"column":26},"end":{"line":113,"column":1}},"44":{"start":{"line":109,"column":2},"end":{"line":111,"column":3}},"45":{"start":{"line":110,"column":4},"end":{"line":110,"column":67}},"46":{"start":{"line":112,"column":2},"end":{"line":112,"column":38}},"47":{"start":{"line":115,"column":0},"end":{"line":119,"column":2}}},"fnMap":{"0":{"name":"(anonymous_0)","decl":{"start":{"line":8,"column":2},"end":{"line":8,"column":3}},"loc":{"start":{"line":8,"column":41},"end":{"line":18,"column":3}},"line":8},"1":{"name":"(anonymous_1)","decl":{"start":{"line":23,"column":2},"end":{"line":23,"column":3}},"loc":{"start":{"line":23,"column":25},"end":{"line":42,"column":3}},"line":23},"2":{"name":"(anonymous_2)","decl":{"start":{"line":47,"column":2},"end":{"line":47,"column":3}},"loc":{"start":{"line":47,"column":14},"end":{"line":59,"column":3}},"line":47},"3":{"name":"(anonymous_3)","decl":{"start":{"line":64,"column":2},"end":{"line":64,"column":3}},"loc":{"start":{"line":64,"column":14},"end":{"line":78,"column":3}},"line":64},"4":{"name":"(anonymous_4)","decl":{"start":{"line":83,"column":2},"end":{"line":83,"column":3}},"loc":{"start":{"line":83,"column":13},"end":{"line":91,"column":3}},"line":83},"5":{"name":"(anonymous_5)","decl":{"start":{"line":96,"column":2},"end":{"line":96,"column":3}},"loc":{"start":{"line":96,"column":10},"end":{"line":102,"column":3}},"line":96},"6":{"name":"(anonymous_6)","decl":{"start":{"line":108,"column":26},"end":{"line":108,"column":27}},"loc":{"start":{"line":108,"column":43},"end":{"line":113,"column":1}},"line":108}},"branchMap":{"0":{"loc":{"start":{"line":8,"column":27},"end":{"line":8,"column":39}},"type":"default-arg","locations":[{"start":{"line":8,"column":37},"end":{"line":8,"column":39}}],"line":8},"1":{"loc":{"start":{"line":10,"column":28},"end":{"line":10,"column":57}},"type":"binary-expr","locations":[{"start":{"line":10,"column":28},"end":{"line":10,"column":52}},{"start":{"line":10,"column":56},"end":{"line":10,"column":57}}],"line":10},"2":{"loc":{"start":{"line":11,"column":24},"end":{"line":11,"column":53}},"type":"binary-expr","locations":[{"start":{"line":11,"column":24},"end":{"line":11,"column":44}},{"start":{"line":11,"column":48},"end":{"line":11,"column":53}}],"line":11},"3":{"loc":{"start":{"line":12,"column":28},"end":{"line":12,"column":61}},"type":"binary-expr","locations":[{"start":{"line":12,"column":28},"end":{"line":12,"column":52}},{"start":{"line":12,"column":56},"end":{"line":12,"column":61}}],"line":12},"4":{"loc":{"start":{"line":24,"column":4},"end":{"line":32,"column":5}},"type":"if","locations":[{"start":{"line":24,"column":4},"end":{"line":32,"column":5}},{"start":{},"end":{}}],"line":24},"5":{"loc":{"start":{"line":26,"column":6},"end":{"line":31,"column":7}},"type":"if","locations":[{"start":{"line":26,"column":6},"end":{"line":31,"column":7}},{"start":{"line":29,"column":13},"end":{"line":31,"column":7}}],"line":26},"6":{"loc":{"start":{"line":50,"column":4},"end":{"line":58,"column":5}},"type":"if","locations":[{"start":{"line":50,"column":4},"end":{"line":58,"column":5}},{"start":{},"end":{}}],"line":50},"7":{"loc":{"start":{"line":53,"column":6},"end":{"line":57,"column":7}},"type":"if","locations":[{"start":{"line":53,"column":6},"end":{"line":57,"column":7}},{"start":{},"end":{}}],"line":53},"8":{"loc":{"start":{"line":68,"column":4},"end":{"line":72,"column":5}},"type":"if","locations":[{"start":{"line":68,"column":4},"end":{"line":72,"column":5}},{"start":{},"end":{}}],"line":68},"9":{"loc":{"start":{"line":74,"column":4},"end":{"line":77,"column":5}},"type":"if","locations":[{"start":{"line":74,"column":4},"end":{"line":77,"column":5}},{"start":{},"end":{}}],"line":74},"10":{"loc":{"start":{"line":109,"column":2},"end":{"line":111,"column":3}},"type":"if","locations":[{"start":{"line":109,"column":2},"end":{"line":111,"column":3}},{"start":{},"end":{}}],"line":109}},"s":{"0":1,"1":4,"2":4,"3":4,"4":4,"5":4,"6":4,"7":4,"8":4,"9":9,"10":1,"11":1,"12":1,"13":0,"14":9,"15":9,"16":2,"17":2,"18":7,"19":7,"20":2,"21":2,"22":1,"23":1,"24":0,"25":0,"26":0,"27":7,"28":7,"29":7,"30":0,"31":0,"32":0,"33":7,"34":2,"35":2,"36":0,"37":0,"38":0,"39":0,"40":0,"41":0,"42":1,"43":1,"44":0,"45":0,"46":0,"47":1},"f":{"0":4,"1":9,"2":2,"3":7,"4":0,"5":0,"6":0},"b":{"0":[0],"1":[4,0],"2":[4,0],"3":[4,4],"4":[1,8],"5":[1,0],"6":[1,1],"7":[0,1],"8":[0,7],"9":[2,5],"10":[0,0]},"_coverageSchema":"1a1c01bbd47fc00a2c39e90264f33305004495a9","hash":"ae7fedbbc4c5dcb75691b1c50a97c2d9c7814cdd"}
,"F:\\CampusEduProject\\api-gateway\\src\\proxy\\healthCheck.js": {"path":"F:\\CampusEduProject\\api-gateway\\src\\proxy\\healthCheck.js","statementMap":{"0":{"start":{"line":4,"column":14},"end":{"line":4,"column":30}},"1":{"start":{"line":5,"column":17},"end":{"line":5,"column":46}},"2":{"start":{"line":6,"column":19},"end":{"line":6,"column":50}},"3":{"start":{"line":11,"column":27},"end":{"line":42,"column":1}},"4":{"start":{"line":12,"column":2},"end":{"line":41,"column":3}},"5":{"start":{"line":13,"column":22},"end":{"line":13,"column":72}},"6":{"start":{"line":14,"column":21},"end":{"line":17,"column":6}},"7":{"start":{"line":16,"column":34},"end":{"line":16,"column":48}},"8":{"start":{"line":19,"column":4},"end":{"line":25,"column":6}},"9":{"start":{"line":27,"column":4},"end":{"line":31,"column":7}},"10":{"start":{"line":33,"column":4},"end":{"line":40,"column":6}},"11":{"start":{"line":47,"column":31},"end":{"line":63,"column":1}},"12":{"start":{"line":48,"column":23},"end":{"line":50,"column":3}},"13":{"start":{"line":49,"column":4},"end":{"line":49,"column":36}},"14":{"start":{"line":52,"column":18},"end":{"line":52,"column":49}},"15":{"start":{"line":54,"column":18},"end":{"line":60,"column":3}},"16":{"start":{"line":56,"column":33},"end":{"line":56,"column":55}},"17":{"start":{"line":57,"column":35},"end":{"line":57,"column":59}},"18":{"start":{"line":62,"column":2},"end":{"line":62,"column":17}},"19":{"start":{"line":68,"column":27},"end":{"line":88,"column":1}},"20":{"start":{"line":69,"column":2},"end":{"line":87,"column":3}},"21":{"start":{"line":70,"column":19},"end":{"line":70,"column":49}},"22":{"start":{"line":72,"column":23},"end":{"line":72,"column":57}},"23":{"start":{"line":74,"column":4},"end":{"line":78,"column":7}},"24":{"start":{"line":80,"column":4},"end":{"line":80,"column":65}},"25":{"start":{"line":82,"column":4},"end":{"line":86,"column":7}},"26":{"start":{"line":90,"column":0},"end":{"line":94,"column":2}}},"fnMap":{"0":{"name":"(anonymous_0)","decl":{"start":{"line":11,"column":27},"end":{"line":11,"column":28}},"loc":{"start":{"line":11,"column":65},"end":{"line":42,"column":1}},"line":11},"1":{"name":"(anonymous_1)","decl":{"start":{"line":16,"column":22},"end":{"line":16,"column":23}},"loc":{"start":{"line":16,"column":34},"end":{"line":16,"column":48}},"line":16},"2":{"name":"(anonymous_2)","decl":{"start":{"line":47,"column":31},"end":{"line":47,"column":32}},"loc":{"start":{"line":47,"column":43},"end":{"line":63,"column":1}},"line":47},"3":{"name":"(anonymous_3)","decl":{"start":{"line":48,"column":52},"end":{"line":48,"column":53}},"loc":{"start":{"line":49,"column":4},"end":{"line":49,"column":36}},"line":49},"4":{"name":"(anonymous_4)","decl":{"start":{"line":56,"column":28},"end":{"line":56,"column":29}},"loc":{"start":{"line":56,"column":33},"end":{"line":56,"column":55}},"line":56},"5":{"name":"(anonymous_5)","decl":{"start":{"line":57,"column":30},"end":{"line":57,"column":31}},"loc":{"start":{"line":57,"column":35},"end":{"line":57,"column":59}},"line":57},"6":{"name":"(anonymous_6)","decl":{"start":{"line":68,"column":27},"end":{"line":68,"column":28}},"loc":{"start":{"line":68,"column":47},"end":{"line":88,"column":1}},"line":68}},"branchMap":{"0":{"loc":{"start":{"line":23,"column":20},"end":{"line":23,"column":64}},"type":"binary-expr","locations":[{"start":{"line":23,"column":20},"end":{"line":23,"column":55}},{"start":{"line":23,"column":59},"end":{"line":23,"column":64}}],"line":23},"1":{"loc":{"start":{"line":72,"column":23},"end":{"line":72,"column":57}},"type":"cond-expr","locations":[{"start":{"line":72,"column":48},"end":{"line":72,"column":51}},{"start":{"line":72,"column":54},"end":{"line":72,"column":57}}],"line":72}},"s":{"0":2,"1":2,"2":2,"3":2,"4":0,"5":0,"6":0,"7":0,"8":0,"9":0,"10":0,"11":2,"12":0,"13":0,"14":0,"15":0,"16":0,"17":0,"18":0,"19":2,"20":0,"21":0,"22":0,"23":0,"24":0,"25":0,"26":2},"f":{"0":0,"1":0,"2":0,"3":0,"4":0,"5":0,"6":0},"b":{"0":[0,0],"1":[0,0]},"_coverageSchema":"1a1c01bbd47fc00a2c39e90264f33305004495a9","hash":"4bb336c29363b2fba9b3264313af50899c128cd0"}
,"F:\\CampusEduProject\\api-gateway\\src\\proxy\\proxyHandler.js": {"path":"F:\\CampusEduProject\\api-gateway\\src\\proxy\\proxyHandler.js","statementMap":{"0":{"start":{"line":4,"column":34},"end":{"line":4,"column":66}},"1":{"start":{"line":5,"column":19},"end":{"line":5,"column":50}},"2":{"start":{"line":10,"column":31},"end":{"line":23,"column":1}},"3":{"start":{"line":11,"column":2},"end":{"line":21,"column":3}},"4":{"start":{"line":12,"column":4},"end":{"line":12,"column":26}},"5":{"start":{"line":13,"column":9},"end":{"line":21,"column":3}},"6":{"start":{"line":14,"column":4},"end":{"line":14,"column":29}},"7":{"start":{"line":15,"column":9},"end":{"line":21,"column":3}},"8":{"start":{"line":16,"column":4},"end":{"line":16,"column":30}},"9":{"start":{"line":17,"column":9},"end":{"line":21,"column":3}},"10":{"start":{"line":18,"column":4},"end":{"line":18,"column":27}},"11":{"start":{"line":19,"column":9},"end":{"line":21,"column":3}},"12":{"start":{"line":20,"column":4},"end":{"line":20,"column":29}},"13":{"start":{"line":22,"column":2},"end":{"line":22,"column":19}},"14":{"start":{"line":28,"column":27},"end":{"line":176,"column":1}},"15":{"start":{"line":29,"column":2},"end":{"line":175,"column":5}},"16":{"start":{"line":40,"column":6},"end":{"line":42,"column":7}},"17":{"start":{"line":41,"column":8},"end":{"line":41,"column":51}},"18":{"start":{"line":45,"column":6},"end":{"line":49,"column":7}},"19":{"start":{"line":46,"column":8},"end":{"line":46,"column":57}},"20":{"start":{"line":47,"column":8},"end":{"line":47,"column":59}},"21":{"start":{"line":48,"column":8},"end":{"line":48,"column":57}},"22":{"start":{"line":52,"column":23},"end":{"line":54,"column":50}},"23":{"start":{"line":55,"column":6},"end":{"line":55,"column":54}},"24":{"start":{"line":56,"column":6},"end":{"line":56,"column":48}},"25":{"start":{"line":59,"column":6},"end":{"line":61,"column":7}},"26":{"start":{"line":60,"column":8},"end":{"line":60,"column":65}},"27":{"start":{"line":64,"column":6},"end":{"line":64,"column":60}},"28":{"start":{"line":66,"column":6},"end":{"line":73,"column":9}},"29":{"start":{"line":81,"column":6},"end":{"line":81,"column":62}},"30":{"start":{"line":82,"column":6},"end":{"line":82,"column":71}},"31":{"start":{"line":84,"column":6},"end":{"line":86,"column":7}},"32":{"start":{"line":85,"column":8},"end":{"line":85,"column":50}},"33":{"start":{"line":88,"column":6},"end":{"line":93,"column":9}},"34":{"start":{"line":96,"column":23},"end":{"line":96,"column":49}},"35":{"start":{"line":97,"column":6},"end":{"line":104,"column":7}},"36":{"start":{"line":98,"column":8},"end":{"line":103,"column":11}},"37":{"start":{"line":111,"column":26},"end":{"line":111,"column":58}},"38":{"start":{"line":113,"column":6},"end":{"line":120,"column":9}},"39":{"start":{"line":123,"column":6},"end":{"line":130,"column":7}},"40":{"start":{"line":124,"column":8},"end":{"line":129,"column":11}},"41":{"start":{"line":132,"column":6},"end":{"line":139,"column":7}},"42":{"start":{"line":133,"column":8},"end":{"line":138,"column":11}},"43":{"start":{"line":141,"column":6},"end":{"line":148,"column":7}},"44":{"start":{"line":142,"column":8},"end":{"line":147,"column":11}},"45":{"start":{"line":151,"column":6},"end":{"line":160,"column":9}},"46":{"start":{"line":167,"column":6},"end":{"line":173,"column":8}},"47":{"start":{"line":168,"column":26},"end":{"line":168,"column":47}},"48":{"start":{"line":169,"column":28},"end":{"line":169,"column":49}},"49":{"start":{"line":170,"column":27},"end":{"line":170,"column":47}},"50":{"start":{"line":171,"column":27},"end":{"line":171,"column":47}},"51":{"start":{"line":172,"column":28},"end":{"line":172,"column":49}},"52":{"start":{"line":181,"column":21},"end":{"line":184,"column":1}},"53":{"start":{"line":182,"column":2},"end":{"line":182,"column":29}},"54":{"start":{"line":183,"column":2},"end":{"line":183,"column":9}},"55":{"start":{"line":186,"column":0},"end":{"line":190,"column":2}}},"fnMap":{"0":{"name":"(anonymous_0)","decl":{"start":{"line":10,"column":31},"end":{"line":10,"column":32}},"loc":{"start":{"line":10,"column":41},"end":{"line":23,"column":1}},"line":10},"1":{"name":"(anonymous_1)","decl":{"start":{"line":28,"column":27},"end":{"line":28,"column":28}},"loc":{"start":{"line":28,"column":44},"end":{"line":176,"column":1}},"line":28},"2":{"name":"(anonymous_2)","decl":{"start":{"line":38,"column":16},"end":{"line":38,"column":17}},"loc":{"start":{"line":38,"column":40},"end":{"line":74,"column":5}},"line":38},"3":{"name":"(anonymous_3)","decl":{"start":{"line":79,"column":16},"end":{"line":79,"column":17}},"loc":{"start":{"line":79,"column":40},"end":{"line":105,"column":5}},"line":79},"4":{"name":"(anonymous_4)","decl":{"start":{"line":110,"column":13},"end":{"line":110,"column":14}},"loc":{"start":{"line":110,"column":32},"end":{"line":161,"column":5}},"line":110},"5":{"name":"(anonymous_5)","decl":{"start":{"line":166,"column":17},"end":{"line":166,"column":18}},"loc":{"start":{"line":166,"column":23},"end":{"line":174,"column":5}},"line":166},"6":{"name":"(anonymous_6)","decl":{"start":{"line":168,"column":13},"end":{"line":168,"column":14}},"loc":{"start":{"line":168,"column":26},"end":{"line":168,"column":47}},"line":168},"7":{"name":"(anonymous_7)","decl":{"start":{"line":169,"column":15},"end":{"line":169,"column":16}},"loc":{"start":{"line":169,"column":28},"end":{"line":169,"column":49}},"line":169},"8":{"name":"(anonymous_8)","decl":{"start":{"line":170,"column":14},"end":{"line":170,"column":15}},"loc":{"start":{"line":170,"column":27},"end":{"line":170,"column":47}},"line":170},"9":{"name":"(anonymous_9)","decl":{"start":{"line":171,"column":14},"end":{"line":171,"column":15}},"loc":{"start":{"line":171,"column":27},"end":{"line":171,"column":47}},"line":171},"10":{"name":"(anonymous_10)","decl":{"start":{"line":172,"column":15},"end":{"line":172,"column":16}},"loc":{"start":{"line":172,"column":28},"end":{"line":172,"column":49}},"line":172},"11":{"name":"(anonymous_11)","decl":{"start":{"line":181,"column":21},"end":{"line":181,"column":22}},"loc":{"start":{"line":181,"column":41},"end":{"line":184,"column":1}},"line":181}},"branchMap":{"0":{"loc":{"start":{"line":11,"column":2},"end":{"line":21,"column":3}},"type":"if","locations":[{"start":{"line":11,"column":2},"end":{"line":21,"column":3}},{"start":{"line":13,"column":9},"end":{"line":21,"column":3}}],"line":11},"1":{"loc":{"start":{"line":11,"column":6},"end":{"line":11,"column":67}},"type":"binary-expr","locations":[{"start":{"line":11,"column":6},"end":{"line":11,"column":34}},{"start":{"line":11,"column":38},"end":{"line":11,"column":67}}],"line":11},"2":{"loc":{"start":{"line":13,"column":9},"end":{"line":21,"column":3}},"type":"if","locations":[{"start":{"line":13,"column":9},"end":{"line":21,"column":3}},{"start":{"line":15,"column":9},"end":{"line":21,"column":3}}],"line":13},"3":{"loc":{"start":{"line":15,"column":9},"end":{"line":21,"column":3}},"type":"if","locations":[{"start":{"line":15,"column":9},"end":{"line":21,"column":3}},{"start":{"line":17,"column":9},"end":{"line":21,"column":3}}],"line":15},"4":{"loc":{"start":{"line":17,"column":9},"end":{"line":21,"column":3}},"type":"if","locations":[{"start":{"line":17,"column":9},"end":{"line":21,"column":3}},{"start":{"line":19,"column":9},"end":{"line":21,"column":3}}],"line":17},"5":{"loc":{"start":{"line":19,"column":9},"end":{"line":21,"column":3}},"type":"if","locations":[{"start":{"line":19,"column":9},"end":{"line":21,"column":3}},{"start":{},"end":{}}],"line":19},"6":{"loc":{"start":{"line":32,"column":17},"end":{"line":32,"column":46}},"type":"binary-expr","locations":[{"start":{"line":32,"column":17},"end":{"line":32,"column":40}},{"start":{"line":32,"column":44},"end":{"line":32,"column":46}}],"line":32},"7":{"loc":{"start":{"line":33,"column":13},"end":{"line":33,"column":40}},"type":"binary-expr","locations":[{"start":{"line":33,"column":13},"end":{"line":33,"column":32}},{"start":{"line":33,"column":36},"end":{"line":33,"column":40}}],"line":33},"8":{"loc":{"start":{"line":40,"column":6},"end":{"line":42,"column":7}},"type":"if","locations":[{"start":{"line":40,"column":6},"end":{"line":42,"column":7}},{"start":{},"end":{}}],"line":40},"9":{"loc":{"start":{"line":45,"column":6},"end":{"line":49,"column":7}},"type":"if","locations":[{"start":{"line":45,"column":6},"end":{"line":49,"column":7}},{"start":{},"end":{}}],"line":45},"10":{"loc":{"start":{"line":52,"column":23},"end":{"line":54,"column":50}},"type":"binary-expr","locations":[{"start":{"line":52,"column":23},"end":{"line":52,"column":29}},{"start":{"line":53,"column":22},"end":{"line":53,"column":52}},{"start":{"line":54,"column":22},"end":{"line":54,"column":50}}],"line":52},"11":{"loc":{"start":{"line":59,"column":6},"end":{"line":61,"column":7}},"type":"if","locations":[{"start":{"line":59,"column":6},"end":{"line":61,"column":7}},{"start":{},"end":{}}],"line":59},"12":{"loc":{"start":{"line":84,"column":6},"end":{"line":86,"column":7}},"type":"if","locations":[{"start":{"line":84,"column":6},"end":{"line":86,"column":7}},{"start":{},"end":{}}],"line":84},"13":{"loc":{"start":{"line":97,"column":6},"end":{"line":104,"column":7}},"type":"if","locations":[{"start":{"line":97,"column":6},"end":{"line":104,"column":7}},{"start":{},"end":{}}],"line":97},"14":{"loc":{"start":{"line":123,"column":6},"end":{"line":130,"column":7}},"type":"if","locations":[{"start":{"line":123,"column":6},"end":{"line":130,"column":7}},{"start":{},"end":{}}],"line":123},"15":{"loc":{"start":{"line":123,"column":10},"end":{"line":123,"column":65}},"type":"binary-expr","locations":[{"start":{"line":123,"column":10},"end":{"line":123,"column":34}},{"start":{"line":123,"column":38},"end":{"line":123,"column":65}}],"line":123},"16":{"loc":{"start":{"line":132,"column":6},"end":{"line":139,"column":7}},"type":"if","locations":[{"start":{"line":132,"column":6},"end":{"line":139,"column":7}},{"start":{},"end":{}}],"line":132},"17":{"loc":{"start":{"line":132,"column":10},"end":{"line":132,"column":65}},"type":"binary-expr","locations":[{"start":{"line":132,"column":10},"end":{"line":132,"column":37}},{"start":{"line":132,"column":41},"end":{"line":132,"column":65}}],"line":132},"18":{"loc":{"start":{"line":141,"column":6},"end":{"line":148,"column":7}},"type":"if","locations":[{"start":{"line":141,"column":6},"end":{"line":148,"column":7}},{"start":{},"end":{}}],"line":141},"19":{"loc":{"start":{"line":156,"column":12},"end":{"line":159,"column":9}},"type":"binary-expr","locations":[{"start":{"line":156,"column":12},"end":{"line":156,"column":50}},{"start":{"line":156,"column":54},"end":{"line":159,"column":9}}],"line":156}},"s":{"0":2,"1":2,"2":2,"3":0,"4":0,"5":0,"6":0,"7":0,"8":0,"9":0,"10":0,"11":0,"12":0,"13":0,"14":2,"15":20,"16":0,"17":0,"18":0,"19":0,"20":0,"21":0,"22":0,"23":0,"24":0,"25":0,"26":0,"27":0,"28":0,"29":0,"30":0,"31":0,"32":0,"33":0,"34":0,"35":0,"36":0,"37":0,"38":0,"39":0,"40":0,"41":0,"42":0,"43":0,"44":0,"45":0,"46":0,"47":0,"48":0,"49":0,"50":0,"51":0,"52":2,"53":5,"54":5,"55":2},"f":{"0":0,"1":20,"2":0,"3":0,"4":0,"5":0,"6":0,"7":0,"8":0,"9":0,"10":0,"11":5},"b":{"0":[0,0],"1":[0,0],"2":[0,0],"3":[0,0],"4":[0,0],"5":[0,0],"6":[20,0],"7":[20,20],"8":[0,0],"9":[0,0],"10":[0,0,0],"11":[0,0],"12":[0,0],"13":[0,0],"14":[0,0],"15":[0,0],"16":[0,0],"17":[0,0],"18":[0,0],"19":[0,0]},"_coverageSchema":"1a1c01bbd47fc00a2c39e90264f33305004495a9","hash":"8d1f97cf8708f353005cdc0965112c83680d67ca"}
,"F:\\CampusEduProject\\api-gateway\\src\\utils\\cache.js": {"path":"F:\\CampusEduProject\\api-gateway\\src\\utils\\cache.js","statementMap":{"0":{"start":{"line":6,"column":4},"end":{"line":6,"column":27}},"1":{"start":{"line":7,"column":4},"end":{"line":7,"column":33}},"2":{"start":{"line":14,"column":22},"end":{"line":14,"column":38}},"3":{"start":{"line":15,"column":4},"end":{"line":15,"column":46}},"4":{"start":{"line":22,"column":18},"end":{"line":22,"column":37}},"5":{"start":{"line":24,"column":4},"end":{"line":26,"column":5}},"6":{"start":{"line":25,"column":6},"end":{"line":25,"column":18}},"7":{"start":{"line":29,"column":4},"end":{"line":32,"column":5}},"8":{"start":{"line":30,"column":6},"end":{"line":30,"column":29}},"9":{"start":{"line":31,"column":6},"end":{"line":31,"column":18}},"10":{"start":{"line":34,"column":4},"end":{"line":34,"column":23}},"11":{"start":{"line":41,"column":4},"end":{"line":41,"column":34}},"12":{"start":{"line":48,"column":4},"end":{"line":48,"column":23}},"13":{"start":{"line":55,"column":4},"end":{"line":55,"column":27}},"14":{"start":{"line":62,"column":16},"end":{"line":62,"column":26}},"15":{"start":{"line":63,"column":18},"end":{"line":63,"column":19}},"16":{"start":{"line":65,"column":4},"end":{"line":70,"column":5}},"17":{"start":{"line":66,"column":6},"end":{"line":69,"column":7}},"18":{"start":{"line":67,"column":8},"end":{"line":67,"column":31}},"19":{"start":{"line":68,"column":8},"end":{"line":68,"column":18}},"20":{"start":{"line":72,"column":4},"end":{"line":72,"column":19}},"21":{"start":{"line":77,"column":0},"end":{"line":77,"column":29}}},"fnMap":{"0":{"name":"(anonymous_0)","decl":{"start":{"line":5,"column":2},"end":{"line":5,"column":3}},"loc":{"start":{"line":5,"column":34},"end":{"line":8,"column":3}},"line":5},"1":{"name":"(anonymous_1)","decl":{"start":{"line":13,"column":2},"end":{"line":13,"column":3}},"loc":{"start":{"line":13,"column":41},"end":{"line":16,"column":3}},"line":13},"2":{"name":"(anonymous_2)","decl":{"start":{"line":21,"column":2},"end":{"line":21,"column":3}},"loc":{"start":{"line":21,"column":11},"end":{"line":35,"column":3}},"line":21},"3":{"name":"(anonymous_3)","decl":{"start":{"line":40,"column":2},"end":{"line":40,"column":3}},"loc":{"start":{"line":40,"column":14},"end":{"line":42,"column":3}},"line":40},"4":{"name":"(anonymous_4)","decl":{"start":{"line":47,"column":2},"end":{"line":47,"column":3}},"loc":{"start":{"line":47,"column":10},"end":{"line":49,"column":3}},"line":47},"5":{"name":"(anonymous_5)","decl":{"start":{"line":54,"column":2},"end":{"line":54,"column":3}},"loc":{"start":{"line":54,"column":9},"end":{"line":56,"column":3}},"line":54},"6":{"name":"(anonymous_6)","decl":{"start":{"line":61,"column":2},"end":{"line":61,"column":3}},"loc":{"start":{"line":61,"column":17},"end":{"line":73,"column":3}},"line":61}},"branchMap":{"0":{"loc":{"start":{"line":5,"column":14},"end":{"line":5,"column":32}},"type":"default-arg","locations":[{"start":{"line":5,"column":27},"end":{"line":5,"column":32}}],"line":5},"1":{"loc":{"start":{"line":13,"column":18},"end":{"line":13,"column":39}},"type":"default-arg","locations":[{"start":{"line":13,"column":24},"end":{"line":13,"column":39}}],"line":13},"2":{"loc":{"start":{"line":24,"column":4},"end":{"line":26,"column":5}},"type":"if","locations":[{"start":{"line":24,"column":4},"end":{"line":26,"column":5}},{"start":{},"end":{}}],"line":24},"3":{"loc":{"start":{"line":29,"column":4},"end":{"line":32,"column":5}},"type":"if","locations":[{"start":{"line":29,"column":4},"end":{"line":32,"column":5}},{"start":{},"end":{}}],"line":29},"4":{"loc":{"start":{"line":66,"column":6},"end":{"line":69,"column":7}},"type":"if","locations":[{"start":{"line":66,"column":6},"end":{"line":69,"column":7}},{"start":{},"end":{}}],"line":66}},"s":{"0":0,"1":0,"2":0,"3":0,"4":0,"5":0,"6":0,"7":0,"8":0,"9":0,"10":0,"11":0,"12":0,"13":0,"14":0,"15":0,"16":0,"17":0,"18":0,"19":0,"20":0,"21":0},"f":{"0":0,"1":0,"2":0,"3":0,"4":0,"5":0,"6":0},"b":{"0":[0],"1":[0],"2":[0,0],"3":[0,0],"4":[0,0]}}
,"F:\\CampusEduProject\\api-gateway\\src\\utils\\helpers.js": {"path":"F:\\CampusEduProject\\api-gateway\\src\\utils\\helpers.js","statementMap":{"0":{"start":{"line":8,"column":14},"end":{"line":8,"column":69}},"1":{"start":{"line":8,"column":22},"end":{"line":8,"column":69}},"2":{"start":{"line":8,"column":45},"end":{"line":8,"column":68}},"3":{"start":{"line":13,"column":14},"end":{"line":44,"column":1}},"4":{"start":{"line":19,"column":6},"end":{"line":19,"column":13}},"5":{"start":{"line":23,"column":2},"end":{"line":41,"column":3}},"6":{"start":{"line":23,"column":21},"end":{"line":23,"column":22}},"7":{"start":{"line":24,"column":4},"end":{"line":40,"column":5}},"8":{"start":{"line":25,"column":6},"end":{"line":25,"column":24}},"9":{"start":{"line":27,"column":6},"end":{"line":27,"column":24}},"10":{"start":{"line":29,"column":6},"end":{"line":31,"column":7}},"11":{"start":{"line":30,"column":8},"end":{"line":30,"column":20}},"12":{"start":{"line":33,"column":23},"end":{"line":33,"column":61}},"13":{"start":{"line":35,"column":6},"end":{"line":37,"column":7}},"14":{"start":{"line":36,"column":8},"end":{"line":36,"column":42}},"15":{"start":{"line":39,"column":6},"end":{"line":39,"column":28}},"16":{"start":{"line":43,"column":2},"end":{"line":43,"column":18}},"17":{"start":{"line":49,"column":24},"end":{"line":59,"column":1}},"18":{"start":{"line":50,"column":15},"end":{"line":50,"column":44}},"19":{"start":{"line":51,"column":16},"end":{"line":51,"column":47}},"20":{"start":{"line":52,"column":17},"end":{"line":52,"column":35}},"21":{"start":{"line":54,"column":2},"end":{"line":58,"column":4}},"22":{"start":{"line":64,"column":32},"end":{"line":73,"column":1}},"23":{"start":{"line":65,"column":2},"end":{"line":72,"column":4}},"24":{"start":{"line":78,"column":22},"end":{"line":84,"column":1}},"25":{"start":{"line":79,"column":2},"end":{"line":83,"column":3}},"26":{"start":{"line":80,"column":4},"end":{"line":80,"column":27}},"27":{"start":{"line":82,"column":4},"end":{"line":82,"column":24}},"28":{"start":{"line":89,"column":20},"end":{"line":96,"column":1}},"29":{"start":{"line":90,"column":2},"end":{"line":95,"column":9}},"30":{"start":{"line":91,"column":4},"end":{"line":93,"column":5}},"31":{"start":{"line":92,"column":6},"end":{"line":92,"column":23}},"32":{"start":{"line":94,"column":4},"end":{"line":94,"column":15}},"33":{"start":{"line":101,"column":21},"end":{"line":108,"column":1}},"34":{"start":{"line":102,"column":16},"end":{"line":102,"column":80}},"35":{"start":{"line":103,"column":15},"end":{"line":103,"column":17}},"36":{"start":{"line":104,"column":2},"end":{"line":106,"column":3}},"37":{"start":{"line":104,"column":15},"end":{"line":104,"column":16}},"38":{"start":{"line":105,"column":4},"end":{"line":105,"column":69}},"39":{"start":{"line":107,"column":2},"end":{"line":107,"column":16}},"40":{"start":{"line":110,"column":0},"end":{"line":118,"column":2}}},"fnMap":{"0":{"name":"(anonymous_0)","decl":{"start":{"line":8,"column":14},"end":{"line":8,"column":15}},"loc":{"start":{"line":8,"column":22},"end":{"line":8,"column":69}},"line":8},"1":{"name":"(anonymous_1)","decl":{"start":{"line":8,"column":34},"end":{"line":8,"column":35}},"loc":{"start":{"line":8,"column":45},"end":{"line":8,"column":68}},"line":8},"2":{"name":"(anonymous_2)","decl":{"start":{"line":13,"column":14},"end":{"line":13,"column":15}},"loc":{"start":{"line":13,"column":42},"end":{"line":44,"column":1}},"line":13},"3":{"name":"(anonymous_3)","decl":{"start":{"line":49,"column":24},"end":{"line":49,"column":25}},"loc":{"start":{"line":49,"column":33},"end":{"line":59,"column":1}},"line":49},"4":{"name":"(anonymous_4)","decl":{"start":{"line":64,"column":32},"end":{"line":64,"column":33}},"loc":{"start":{"line":64,"column":56},"end":{"line":73,"column":1}},"line":64},"5":{"name":"(anonymous_5)","decl":{"start":{"line":78,"column":22},"end":{"line":78,"column":23}},"loc":{"start":{"line":78,"column":52},"end":{"line":84,"column":1}},"line":78},"6":{"name":"(anonymous_6)","decl":{"start":{"line":89,"column":20},"end":{"line":89,"column":21}},"loc":{"start":{"line":89,"column":29},"end":{"line":96,"column":1}},"line":89},"7":{"name":"(anonymous_7)","decl":{"start":{"line":90,"column":36},"end":{"line":90,"column":37}},"loc":{"start":{"line":90,"column":59},"end":{"line":95,"column":3}},"line":90},"8":{"name":"(anonymous_8)","decl":{"start":{"line":101,"column":21},"end":{"line":101,"column":22}},"loc":{"start":{"line":101,"column":38},"end":{"line":108,"column":1}},"line":101}},"branchMap":{"0":{"loc":{"start":{"line":13,"column":25},"end":{"line":13,"column":37}},"type":"default-arg","locations":[{"start":{"line":13,"column":35},"end":{"line":13,"column":37}}],"line":13},"1":{"loc":{"start":{"line":15,"column":4},"end":{"line":15,"column":19}},"type":"default-arg","locations":[{"start":{"line":15,"column":18},"end":{"line":15,"column":19}}],"line":15},"2":{"loc":{"start":{"line":16,"column":4},"end":{"line":16,"column":16}},"type":"default-arg","locations":[{"start":{"line":16,"column":12},"end":{"line":16,"column":16}}],"line":16},"3":{"loc":{"start":{"line":17,"column":4},"end":{"line":17,"column":15}},"type":"default-arg","locations":[{"start":{"line":17,"column":14},"end":{"line":17,"column":15}}],"line":17},"4":{"loc":{"start":{"line":18,"column":4},"end":{"line":18,"column":18}},"type":"default-arg","locations":[{"start":{"line":18,"column":14},"end":{"line":18,"column":18}}],"line":18},"5":{"loc":{"start":{"line":29,"column":6},"end":{"line":31,"column":7}},"type":"if","locations":[{"start":{"line":29,"column":6},"end":{"line":31,"column":7}},{"start":{},"end":{}}],"line":29},"6":{"loc":{"start":{"line":35,"column":6},"end":{"line":37,"column":7}},"type":"if","locations":[{"start":{"line":35,"column":6},"end":{"line":37,"column":7}},{"start":{},"end":{}}],"line":35},"7":{"loc":{"start":{"line":50,"column":15},"end":{"line":50,"column":44}},"type":"binary-expr","locations":[{"start":{"line":50,"column":15},"end":{"line":50,"column":39}},{"start":{"line":50,"column":43},"end":{"line":50,"column":44}}],"line":50},"8":{"loc":{"start":{"line":51,"column":16},"end":{"line":51,"column":47}},"type":"binary-expr","locations":[{"start":{"line":51,"column":16},"end":{"line":51,"column":41}},{"start":{"line":51,"column":45},"end":{"line":51,"column":47}}],"line":51},"9":{"loc":{"start":{"line":78,"column":28},"end":{"line":78,"column":47}},"type":"default-arg","locations":[{"start":{"line":78,"column":43},"end":{"line":78,"column":47}}],"line":78},"10":{"loc":{"start":{"line":91,"column":4},"end":{"line":93,"column":5}},"type":"if","locations":[{"start":{"line":91,"column":4},"end":{"line":93,"column":5}},{"start":{},"end":{}}],"line":91},"11":{"loc":{"start":{"line":91,"column":8},"end":{"line":91,"column":45}},"type":"binary-expr","locations":[{"start":{"line":91,"column":8},"end":{"line":91,"column":27}},{"start":{"line":91,"column":31},"end":{"line":91,"column":45}}],"line":91},"12":{"loc":{"start":{"line":101,"column":22},"end":{"line":101,"column":33}},"type":"default-arg","locations":[{"start":{"line":101,"column":31},"end":{"line":101,"column":33}}],"line":101}},"s":{"0":1,"1":0,"2":0,"3":1,"4":0,"5":0,"6":0,"7":0,"8":0,"9":0,"10":0,"11":0,"12":0,"13":0,"14":0,"15":0,"16":0,"17":1,"18":0,"19":0,"20":0,"21":0,"22":1,"23":1,"24":1,"25":2,"26":2,"27":1,"28":1,"29":1,"30":5,"31":3,"32":5,"33":1,"34":0,"35":0,"36":0,"37":0,"38":0,"39":0,"40":1},"f":{"0":0,"1":0,"2":0,"3":0,"4":1,"5":2,"6":1,"7":5,"8":0},"b":{"0":[0],"1":[0],"2":[0],"3":[0],"4":[0],"5":[0,0],"6":[0,0],"7":[0,0],"8":[0,0],"9":[1],"10":[3,2],"11":[5,4],"12":[0]},"_coverageSchema":"1a1c01bbd47fc00a2c39e90264f33305004495a9","hash":"3ff26eae90e05584a88601207d9e241a881b71a3"}
,"F:\\CampusEduProject\\api-gateway\\src\\utils\\metrics.js": {"path":"F:\\CampusEduProject\\api-gateway\\src\\utils\\metrics.js","statementMap":{"0":{"start":{"line":4,"column":19},"end":{"line":4,"column":50}},"1":{"start":{"line":8,"column":4},"end":{"line":14,"column":6}},"2":{"start":{"line":16,"column":4},"end":{"line":22,"column":6}},"3":{"start":{"line":24,"column":4},"end":{"line":28,"column":6}},"4":{"start":{"line":31,"column":4},"end":{"line":31,"column":52}},"5":{"start":{"line":31,"column":22},"end":{"line":31,"column":34}},"6":{"start":{"line":38,"column":4},"end":{"line":38,"column":26}},"7":{"start":{"line":40,"column":4},"end":{"line":44,"column":5}},"8":{"start":{"line":41,"column":6},"end":{"line":41,"column":33}},"9":{"start":{"line":43,"column":6},"end":{"line":43,"column":29}},"10":{"start":{"line":47,"column":4},"end":{"line":49,"column":5}},"11":{"start":{"line":48,"column":6},"end":{"line":48,"column":43}},"12":{"start":{"line":50,"column":4},"end":{"line":50,"column":39}},"13":{"start":{"line":53,"column":4},"end":{"line":55,"column":5}},"14":{"start":{"line":54,"column":6},"end":{"line":54,"column":45}},"15":{"start":{"line":56,"column":4},"end":{"line":56,"column":41}},"16":{"start":{"line":59,"column":4},"end":{"line":59,"column":42}},"17":{"start":{"line":66,"column":4},"end":{"line":66,"column":31}},"18":{"start":{"line":67,"column":4},"end":{"line":67,"column":37}},"19":{"start":{"line":68,"column":4},"end":{"line":68,"column":81}},"20":{"start":{"line":70,"column":4},"end":{"line":72,"column":5}},"21":{"start":{"line":71,"column":6},"end":{"line":71,"column":36}},"22":{"start":{"line":74,"column":4},"end":{"line":76,"column":5}},"23":{"start":{"line":75,"column":6},"end":{"line":75,"column":36}},"24":{"start":{"line":83,"column":4},"end":{"line":83,"column":24}},"25":{"start":{"line":85,"column":4},"end":{"line":87,"column":5}},"26":{"start":{"line":86,"column":6},"end":{"line":86,"column":40}},"27":{"start":{"line":88,"column":4},"end":{"line":88,"column":36}},"28":{"start":{"line":90,"column":4},"end":{"line":92,"column":5}},"29":{"start":{"line":91,"column":6},"end":{"line":91,"column":41}},"30":{"start":{"line":93,"column":4},"end":{"line":93,"column":37}},"31":{"start":{"line":100,"column":4},"end":{"line":108,"column":6}},"32":{"start":{"line":115,"column":4},"end":{"line":115,"column":37}},"33":{"start":{"line":117,"column":4},"end":{"line":123,"column":6}},"34":{"start":{"line":125,"column":4},"end":{"line":131,"column":6}},"35":{"start":{"line":133,"column":4},"end":{"line":137,"column":6}},"36":{"start":{"line":142,"column":0},"end":{"line":142,"column":31}}},"fnMap":{"0":{"name":"(anonymous_0)","decl":{"start":{"line":7,"column":2},"end":{"line":7,"column":3}},"loc":{"start":{"line":7,"column":16},"end":{"line":32,"column":3}},"line":7},"1":{"name":"(anonymous_1)","decl":{"start":{"line":31,"column":16},"end":{"line":31,"column":17}},"loc":{"start":{"line":31,"column":22},"end":{"line":31,"column":34}},"line":31},"2":{"name":"(anonymous_2)","decl":{"start":{"line":37,"column":2},"end":{"line":37,"column":3}},"loc":{"start":{"line":37,"column":51},"end":{"line":60,"column":3}},"line":37},"3":{"name":"(anonymous_3)","decl":{"start":{"line":65,"column":2},"end":{"line":65,"column":3}},"loc":{"start":{"line":65,"column":27},"end":{"line":77,"column":3}},"line":65},"4":{"name":"(anonymous_4)","decl":{"start":{"line":82,"column":2},"end":{"line":82,"column":3}},"loc":{"start":{"line":82,"column":34},"end":{"line":94,"column":3}},"line":82},"5":{"name":"(anonymous_5)","decl":{"start":{"line":99,"column":2},"end":{"line":99,"column":3}},"loc":{"start":{"line":99,"column":15},"end":{"line":109,"column":3}},"line":99},"6":{"name":"(anonymous_6)","decl":{"start":{"line":114,"column":2},"end":{"line":114,"column":3}},"loc":{"start":{"line":114,"column":10},"end":{"line":138,"column":3}},"line":114}},"branchMap":{"0":{"loc":{"start":{"line":40,"column":4},"end":{"line":44,"column":5}},"type":"if","locations":[{"start":{"line":40,"column":4},"end":{"line":44,"column":5}},{"start":{"line":42,"column":11},"end":{"line":44,"column":5}}],"line":40},"1":{"loc":{"start":{"line":40,"column":8},"end":{"line":40,"column":45}},"type":"binary-expr","locations":[{"start":{"line":40,"column":8},"end":{"line":40,"column":25}},{"start":{"line":40,"column":29},"end":{"line":40,"column":45}}],"line":40},"2":{"loc":{"start":{"line":47,"column":4},"end":{"line":49,"column":5}},"type":"if","locations":[{"start":{"line":47,"column":4},"end":{"line":49,"column":5}},{"start":{},"end":{}}],"line":47},"3":{"loc":{"start":{"line":53,"column":4},"end":{"line":55,"column":5}},"type":"if","locations":[{"start":{"line":53,"column":4},"end":{"line":55,"column":5}},{"start":{},"end":{}}],"line":53},"4":{"loc":{"start":{"line":70,"column":4},"end":{"line":72,"column":5}},"type":"if","locations":[{"start":{"line":70,"column":4},"end":{"line":72,"column":5}},{"start":{},"end":{}}],"line":70},"5":{"loc":{"start":{"line":74,"column":4},"end":{"line":76,"column":5}},"type":"if","locations":[{"start":{"line":74,"column":4},"end":{"line":76,"column":5}},{"start":{},"end":{}}],"line":74},"6":{"loc":{"start":{"line":85,"column":4},"end":{"line":87,"column":5}},"type":"if","locations":[{"start":{"line":85,"column":4},"end":{"line":87,"column":5}},{"start":{},"end":{}}],"line":85},"7":{"loc":{"start":{"line":90,"column":4},"end":{"line":92,"column":5}},"type":"if","locations":[{"start":{"line":90,"column":4},"end":{"line":92,"column":5}},{"start":{},"end":{}}],"line":90},"8":{"loc":{"start":{"line":104,"column":13},"end":{"line":104,"column":77}},"type":"cond-expr","locations":[{"start":{"line":104,"column":51},"end":{"line":104,"column":52}},{"start":{"line":104,"column":55},"end":{"line":104,"column":77}}],"line":104}},"s":{"0":1,"1":1,"2":1,"3":1,"4":1,"5":0,"6":4,"7":4,"8":3,"9":1,"10":4,"11":2,"12":4,"13":4,"14":3,"15":4,"16":4,"17":4,"18":4,"19":4,"20":4,"21":3,"22":4,"23":3,"24":3,"25":3,"26":2,"27":3,"28":3,"29":2,"30":3,"31":3,"32":3,"33":3,"34":3,"35":3,"36":1},"f":{"0":1,"1":0,"2":4,"3":4,"4":3,"5":3,"6":3},"b":{"0":[3,1],"1":[4,4],"2":[2,2],"3":[3,1],"4":[3,1],"5":[3,1],"6":[2,1],"7":[2,1],"8":[1,2]},"_coverageSchema":"1a1c01bbd47fc00a2c39e90264f33305004495a9","hash":"aee59874e22357814d46b34172e7dcef405acd17"}
,"F:\\CampusEduProject\\api-gateway\\src\\utils\\responseFormatter.js": {"path":"F:\\CampusEduProject\\api-gateway\\src\\utils\\responseFormatter.js","statementMap":{"0":{"start":{"line":8,"column":24},"end":{"line":17,"column":1}},"1":{"start":{"line":9,"column":19},"end":{"line":14,"column":3}},"2":{"start":{"line":16,"column":2},"end":{"line":16,"column":18}},"3":{"start":{"line":22,"column":22},"end":{"line":31,"column":1}},"4":{"start":{"line":23,"column":19},"end":{"line":28,"column":3}},"5":{"start":{"line":30,"column":2},"end":{"line":30,"column":18}},"6":{"start":{"line":36,"column":32},"end":{"line":42,"column":1}},"7":{"start":{"line":37,"column":2},"end":{"line":41,"column":4}},"8":{"start":{"line":44,"column":0},"end":{"line":48,"column":2}}},"fnMap":{"0":{"name":"(anonymous_0)","decl":{"start":{"line":8,"column":24},"end":{"line":8,"column":25}},"loc":{"start":{"line":8,"column":69},"end":{"line":17,"column":1}},"line":8},"1":{"name":"(anonymous_1)","decl":{"start":{"line":22,"column":22},"end":{"line":22,"column":23}},"loc":{"start":{"line":22,"column":68},"end":{"line":31,"column":1}},"line":22},"2":{"name":"(anonymous_2)","decl":{"start":{"line":36,"column":32},"end":{"line":36,"column":33}},"loc":{"start":{"line":36,"column":44},"end":{"line":42,"column":1}},"line":36}},"branchMap":{"0":{"loc":{"start":{"line":8,"column":34},"end":{"line":8,"column":45}},"type":"default-arg","locations":[{"start":{"line":8,"column":41},"end":{"line":8,"column":45}}],"line":8},"1":{"loc":{"start":{"line":8,"column":47},"end":{"line":8,"column":64}},"type":"default-arg","locations":[{"start":{"line":8,"column":60},"end":{"line":8,"column":64}}],"line":8},"2":{"loc":{"start":{"line":12,"column":8},"end":{"line":12,"column":24}},"type":"binary-expr","locations":[{"start":{"line":12,"column":8},"end":{"line":12,"column":12}},{"start":{"line":12,"column":16},"end":{"line":12,"column":24}}],"line":12},"3":{"loc":{"start":{"line":13,"column":8},"end":{"line":13,"column":36}},"type":"binary-expr","locations":[{"start":{"line":13,"column":8},"end":{"line":13,"column":18}},{"start":{"line":13,"column":22},"end":{"line":13,"column":36}}],"line":13},"4":{"loc":{"start":{"line":22,"column":32},"end":{"line":22,"column":45}},"type":"default-arg","locations":[{"start":{"line":22,"column":41},"end":{"line":22,"column":45}}],"line":22},"5":{"loc":{"start":{"line":22,"column":47},"end":{"line":22,"column":63}},"type":"default-arg","locations":[{"start":{"line":22,"column":60},"end":{"line":22,"column":63}}],"line":22},"6":{"loc":{"start":{"line":27,"column":8},"end":{"line":27,"column":28}},"type":"binary-expr","locations":[{"start":{"line":27,"column":8},"end":{"line":27,"column":14}},{"start":{"line":27,"column":18},"end":{"line":27,"column":28}}],"line":27},"7":{"loc":{"start":{"line":40,"column":12},"end":{"line":40,"column":53}},"type":"cond-expr","locations":[{"start":{"line":40,"column":36},"end":{"line":40,"column":42}},{"start":{"line":40,"column":45},"end":{"line":40,"column":53}}],"line":40}},"s":{"0":0,"1":0,"2":0,"3":0,"4":0,"5":0,"6":0,"7":0,"8":0},"f":{"0":0,"1":0,"2":0},"b":{"0":[0],"1":[0],"2":[0,0],"3":[0,0],"4":[0],"5":[0],"6":[0,0],"7":[0,0]}}
,"F:\\CampusEduProject\\api-gateway\\src\\utils\\validation.js": {"path":"F:\\CampusEduProject\\api-gateway\\src\\utils\\validation.js","statementMap":{"0":{"start":{"line":4,"column":29},"end":{"line":4,"column":57}},"1":{"start":{"line":9,"column":24},"end":{"line":25,"column":1}},"2":{"start":{"line":10,"column":17},"end":{"line":10,"column":38}},"3":{"start":{"line":12,"column":2},"end":{"line":22,"column":3}},"4":{"start":{"line":13,"column":4},"end":{"line":21,"column":7}},"5":{"start":{"line":16,"column":41},"end":{"line":20,"column":7}},"6":{"start":{"line":24,"column":2},"end":{"line":24,"column":9}},"7":{"start":{"line":30,"column":26},"end":{"line":69,"column":1}},"8":{"start":{"line":71,"column":0},"end":{"line":74,"column":2}}},"fnMap":{"0":{"name":"(anonymous_0)","decl":{"start":{"line":9,"column":24},"end":{"line":9,"column":25}},"loc":{"start":{"line":9,"column":44},"end":{"line":25,"column":1}},"line":9},"1":{"name":"(anonymous_1)","decl":{"start":{"line":16,"column":33},"end":{"line":16,"column":34}},"loc":{"start":{"line":16,"column":41},"end":{"line":20,"column":7}},"line":16}},"branchMap":{"0":{"loc":{"start":{"line":12,"column":2},"end":{"line":22,"column":3}},"type":"if","locations":[{"start":{"line":12,"column":2},"end":{"line":22,"column":3}},{"start":{},"end":{}}],"line":12}},"s":{"0":0,"1":0,"2":0,"3":0,"4":0,"5":0,"6":0,"7":0,"8":0},"f":{"0":0,"1":0},"b":{"0":[0,0]}}
}
