TN:
SF:src\app.js
FN:95,(anonymous_0)
FN:116,(anonymous_1)
FN:149,(anonymous_2)
FNF:3
FNH:3
FNDA:3,(anonymous_0)
FNDA:1,(anonymous_1)
FNDA:20,(anonymous_2)
DA:4,2
DA:5,2
DA:6,2
DA:7,2
DA:8,2
DA:11,2
DA:12,2
DA:13,2
DA:16,2
DA:22,2
DA:23,2
DA:24,2
DA:25,2
DA:28,2
DA:29,2
DA:31,2
DA:34,2
DA:35,0
DA:37,2
DA:47,2
DA:50,2
DA:53,2
DA:62,2
DA:65,2
DA:68,2
DA:77,2
DA:80,2
DA:83,2
DA:95,2
DA:96,3
DA:110,2
DA:116,2
DA:117,1
DA:132,2
DA:135,2
DA:136,2
DA:137,2
DA:140,2
DA:149,2
DA:150,20
DA:153,20
DA:154,12
DA:155,8
DA:156,0
DA:160,20
DA:161,6
DA:165,20
DA:168,20
DA:178,2
DA:181,2
DA:184,2
DA:186,2
LF:52
LH:50
BRDA:34,0,0,0
BRDA:34,0,1,2
BRDA:153,1,0,12
BRDA:153,1,1,8
BRDA:155,2,0,0
BRDA:155,2,1,8
BRDA:160,3,0,6
BRDA:160,3,1,14
BRDA:160,4,0,20
BRDA:160,4,1,6
BRF:10
BRH:8
end_of_record
TN:
SF:src\index.js
FNF:0
FNH:0
DA:4,0
LF:1
LH:0
BRF:0
BRH:0
end_of_record
TN:
SF:src\config\cors.js
FNF:0
FNH:0
DA:4,2
LF:1
LH:1
BRDA:5,0,0,2
BRDA:5,0,1,2
BRF:2
BRH:2
end_of_record
TN:
SF:src\config\rateLimit.js
FNF:0
FNH:0
DA:4,2
LF:1
LH:1
BRF:0
BRH:0
end_of_record
TN:
SF:src\config\routes.js
FNF:0
FNH:0
DA:10,2
DA:12,2
LF:2
LH:2
BRF:0
BRH:0
end_of_record
TN:
SF:src\config\security.js
FNF:0
FNH:0
DA:4,3
LF:1
LH:1
BRDA:45,0,0,0
BRDA:45,0,1,3
BRF:2
BRH:1
end_of_record
TN:
SF:src\config\services.js
FNF:0
FNH:0
DA:4,2
LF:1
LH:1
BRDA:6,0,0,2
BRDA:6,0,1,2
BRDA:11,1,0,2
BRDA:11,1,1,2
BRDA:16,2,0,2
BRDA:16,2,1,2
BRDA:21,3,0,2
BRDA:21,3,1,2
BRDA:26,4,0,2
BRDA:26,4,1,2
BRF:10
BRH:10
end_of_record
TN:
SF:src\middleware\authMiddleware.js
FN:13,(anonymous_0)
FN:77,(anonymous_1)
FN:116,(anonymous_2)
FN:117,(anonymous_3)
FNF:4
FNH:3
FNDA:3,(anonymous_0)
FNDA:0,(anonymous_1)
FNDA:17,(anonymous_2)
FNDA:2,(anonymous_3)
DA:4,3
DA:5,3
DA:6,3
DA:13,3
DA:14,3
DA:15,3
DA:17,3
DA:18,1
DA:24,2
DA:27,2
DA:32,1
DA:40,1
DA:45,1
DA:47,1
DA:48,1
DA:52,0
DA:53,0
DA:59,0
DA:63,0
DA:77,3
DA:78,0
DA:79,0
DA:81,0
DA:82,0
DA:84,0
DA:85,0
DA:89,0
DA:95,0
DA:100,0
DA:104,0
DA:106,0
DA:107,0
DA:116,3
DA:117,17
DA:118,2
DA:119,0
DA:125,2
DA:126,1
DA:133,1
DA:140,1
DA:149,3
DA:156,3
DA:163,3
DA:165,3
LF:44
LH:27
BRDA:17,0,0,1
BRDA:17,0,1,2
BRDA:17,1,0,3
BRDA:17,1,1,2
BRDA:47,2,0,1
BRDA:47,2,1,0
BRDA:52,3,0,0
BRDA:52,3,1,0
BRDA:81,4,0,0
BRDA:81,4,1,0
BRDA:81,5,0,0
BRDA:81,5,1,0
BRDA:118,6,0,0
BRDA:118,6,1,2
BRDA:125,7,0,1
BRDA:125,7,1,1
BRF:16
BRH:8
end_of_record
TN:
SF:src\middleware\errorHandler.js
FN:9,(anonymous_0)
FN:27,(anonymous_1)
FNF:2
FNH:1
FNDA:1,(anonymous_0)
FNDA:0,(anonymous_1)
DA:4,2
DA:9,2
DA:10,1
DA:16,1
DA:27,2
DA:29,0
DA:38,0
DA:39,0
DA:42,0
DA:43,0
DA:44,0
DA:45,0
DA:46,0
DA:47,0
DA:48,0
DA:49,0
DA:50,0
DA:51,0
DA:52,0
DA:53,0
DA:54,0
DA:55,0
DA:56,0
DA:57,0
DA:58,0
DA:59,0
DA:63,0
DA:72,0
DA:75,2
LF:29
LH:6
BRDA:38,0,0,0
BRDA:38,0,1,0
BRDA:39,1,0,0
BRDA:39,1,1,0
BRDA:42,2,0,0
BRDA:42,2,1,0
BRDA:45,3,0,0
BRDA:45,3,1,0
BRDA:48,4,0,0
BRDA:48,4,1,0
BRDA:51,5,0,0
BRDA:51,5,1,0
BRDA:54,6,0,0
BRDA:54,6,1,0
BRDA:57,7,0,0
BRDA:57,7,1,0
BRDA:66,8,0,0
BRDA:66,8,1,0
BRF:18
BRH:0
end_of_record
TN:
SF:src\middleware\logger.js
FN:30,(anonymous_0)
FN:70,(anonymous_1)
FN:83,(anonymous_2)
FN:103,(anonymous_3)
FNF:4
FNH:3
FNDA:18,(anonymous_0)
FNDA:5,(anonymous_1)
FNDA:5,(anonymous_2)
FNDA:0,(anonymous_3)
DA:4,4
DA:5,4
DA:8,4
DA:9,4
DA:10,4
DA:11,0
DA:17,4
DA:27,4
DA:31,18
DA:32,18
DA:39,4
DA:61,4
DA:62,4
DA:70,4
DA:71,5
DA:74,5
DA:83,5
DA:84,5
DA:85,5
DA:87,5
DA:97,5
DA:103,4
DA:104,0
DA:113,0
DA:116,4
LF:25
LH:22
BRDA:10,0,0,0
BRDA:10,0,1,4
BRDA:31,1,0,18
BRDA:31,1,1,0
BRDA:40,2,0,4
BRDA:40,2,1,4
BRDA:61,3,0,4
BRDA:61,3,1,0
BRDA:85,4,0,1
BRDA:85,4,1,4
BRF:10
BRH:7
end_of_record
TN:
SF:src\middleware\rateLimiter.js
FN:11,(anonymous_0)
FN:14,(anonymous_1)
FN:24,(anonymous_2)
FN:54,(anonymous_3)
FNF:4
FNH:3
FNDA:8,(anonymous_0)
FNDA:0,(anonymous_1)
FNDA:1,(anonymous_2)
FNDA:1,(anonymous_3)
DA:4,2
DA:5,2
DA:6,2
DA:11,2
DA:12,8
DA:15,0
DA:22,0
DA:26,1
DA:34,2
DA:39,2
DA:44,2
DA:49,2
DA:54,2
DA:55,1
DA:56,0
DA:58,1
DA:61,2
LF:17
LH:14
BRDA:26,0,0,1
BRDA:26,0,1,1
BRDA:26,0,2,1
BRDA:55,1,0,0
BRDA:55,1,1,1
BRDA:55,2,0,1
BRDA:55,2,1,0
BRF:7
BRH:5
end_of_record
TN:
SF:src\middleware\requestId.js
FN:9,(anonymous_0)
FNF:1
FNH:1
FNDA:5,(anonymous_0)
DA:4,2
DA:9,2
DA:10,5
DA:11,5
DA:12,5
DA:15,2
LF:6
LH:6
BRDA:10,0,0,5
BRDA:10,0,1,5
BRF:2
BRH:2
end_of_record
TN:
SF:src\proxy\circuitBreaker.js
FN:8,(anonymous_0)
FN:23,(anonymous_1)
FN:47,(anonymous_2)
FN:64,(anonymous_3)
FN:83,(anonymous_4)
FN:96,(anonymous_5)
FN:108,(anonymous_6)
FNF:7
FNH:4
FNDA:4,(anonymous_0)
FNDA:9,(anonymous_1)
FNDA:2,(anonymous_2)
FNDA:7,(anonymous_3)
FNDA:0,(anonymous_4)
FNDA:0,(anonymous_5)
FNDA:0,(anonymous_6)
DA:5,1
DA:9,4
DA:10,4
DA:11,4
DA:12,4
DA:14,4
DA:15,4
DA:16,4
DA:17,4
DA:24,9
DA:26,1
DA:27,1
DA:28,1
DA:30,0
DA:34,9
DA:35,9
DA:36,2
DA:37,2
DA:39,7
DA:40,7
DA:48,2
DA:50,2
DA:51,1
DA:53,1
DA:54,0
DA:55,0
DA:56,0
DA:65,7
DA:66,7
DA:68,7
DA:69,0
DA:70,0
DA:71,0
DA:74,7
DA:75,2
DA:76,2
DA:84,0
DA:97,0
DA:98,0
DA:99,0
DA:100,0
DA:101,0
DA:106,1
DA:108,1
DA:109,0
DA:110,0
DA:112,0
DA:115,1
LF:48
LH:32
BRDA:8,0,0,0
BRDA:10,1,0,4
BRDA:10,1,1,0
BRDA:11,2,0,4
BRDA:11,2,1,0
BRDA:12,3,0,4
BRDA:12,3,1,4
BRDA:24,4,0,1
BRDA:24,4,1,8
BRDA:26,5,0,1
BRDA:26,5,1,0
BRDA:50,6,0,1
BRDA:50,6,1,1
BRDA:53,7,0,0
BRDA:53,7,1,1
BRDA:68,8,0,0
BRDA:68,8,1,7
BRDA:74,9,0,2
BRDA:74,9,1,5
BRDA:109,10,0,0
BRDA:109,10,1,0
BRF:21
BRH:13
end_of_record
TN:
SF:src\proxy\healthCheck.js
FN:11,(anonymous_0)
FN:16,(anonymous_1)
FN:47,(anonymous_2)
FN:48,(anonymous_3)
FN:56,(anonymous_4)
FN:57,(anonymous_5)
FN:68,(anonymous_6)
FNF:7
FNH:0
FNDA:0,(anonymous_0)
FNDA:0,(anonymous_1)
FNDA:0,(anonymous_2)
FNDA:0,(anonymous_3)
FNDA:0,(anonymous_4)
FNDA:0,(anonymous_5)
FNDA:0,(anonymous_6)
DA:4,2
DA:5,2
DA:6,2
DA:11,2
DA:12,0
DA:13,0
DA:14,0
DA:16,0
DA:19,0
DA:27,0
DA:33,0
DA:47,2
DA:48,0
DA:49,0
DA:52,0
DA:54,0
DA:56,0
DA:57,0
DA:62,0
DA:68,2
DA:69,0
DA:70,0
DA:72,0
DA:74,0
DA:80,0
DA:82,0
DA:90,2
LF:27
LH:7
BRDA:23,0,0,0
BRDA:23,0,1,0
BRDA:72,1,0,0
BRDA:72,1,1,0
BRF:4
BRH:0
end_of_record
TN:
SF:src\proxy\proxyHandler.js
FN:10,(anonymous_0)
FN:28,(anonymous_1)
FN:38,(anonymous_2)
FN:79,(anonymous_3)
FN:110,(anonymous_4)
FN:166,(anonymous_5)
FN:168,(anonymous_6)
FN:169,(anonymous_7)
FN:170,(anonymous_8)
FN:171,(anonymous_9)
FN:172,(anonymous_10)
FN:181,(anonymous_11)
FNF:12
FNH:2
FNDA:0,(anonymous_0)
FNDA:20,(anonymous_1)
FNDA:0,(anonymous_2)
FNDA:0,(anonymous_3)
FNDA:0,(anonymous_4)
FNDA:0,(anonymous_5)
FNDA:0,(anonymous_6)
FNDA:0,(anonymous_7)
FNDA:0,(anonymous_8)
FNDA:0,(anonymous_9)
FNDA:0,(anonymous_10)
FNDA:5,(anonymous_11)
DA:4,2
DA:5,2
DA:10,2
DA:11,0
DA:12,0
DA:13,0
DA:14,0
DA:15,0
DA:16,0
DA:17,0
DA:18,0
DA:19,0
DA:20,0
DA:22,0
DA:28,2
DA:29,20
DA:40,0
DA:41,0
DA:45,0
DA:46,0
DA:47,0
DA:48,0
DA:52,0
DA:55,0
DA:56,0
DA:59,0
DA:60,0
DA:64,0
DA:66,0
DA:81,0
DA:82,0
DA:84,0
DA:85,0
DA:88,0
DA:96,0
DA:97,0
DA:98,0
DA:111,0
DA:113,0
DA:123,0
DA:124,0
DA:132,0
DA:133,0
DA:141,0
DA:142,0
DA:151,0
DA:167,0
DA:168,0
DA:169,0
DA:170,0
DA:171,0
DA:172,0
DA:181,2
DA:182,5
DA:183,5
DA:186,2
LF:56
LH:9
BRDA:11,0,0,0
BRDA:11,0,1,0
BRDA:11,1,0,0
BRDA:11,1,1,0
BRDA:13,2,0,0
BRDA:13,2,1,0
BRDA:15,3,0,0
BRDA:15,3,1,0
BRDA:17,4,0,0
BRDA:17,4,1,0
BRDA:19,5,0,0
BRDA:19,5,1,0
BRDA:32,6,0,20
BRDA:32,6,1,0
BRDA:33,7,0,20
BRDA:33,7,1,20
BRDA:40,8,0,0
BRDA:40,8,1,0
BRDA:45,9,0,0
BRDA:45,9,1,0
BRDA:52,10,0,0
BRDA:52,10,1,0
BRDA:52,10,2,0
BRDA:59,11,0,0
BRDA:59,11,1,0
BRDA:84,12,0,0
BRDA:84,12,1,0
BRDA:97,13,0,0
BRDA:97,13,1,0
BRDA:123,14,0,0
BRDA:123,14,1,0
BRDA:123,15,0,0
BRDA:123,15,1,0
BRDA:132,16,0,0
BRDA:132,16,1,0
BRDA:132,17,0,0
BRDA:132,17,1,0
BRDA:141,18,0,0
BRDA:141,18,1,0
BRDA:156,19,0,0
BRDA:156,19,1,0
BRF:41
BRH:3
end_of_record
TN:
SF:src\utils\cache.js
FN:5,(anonymous_0)
FN:13,(anonymous_1)
FN:21,(anonymous_2)
FN:40,(anonymous_3)
FN:47,(anonymous_4)
FN:54,(anonymous_5)
FN:61,(anonymous_6)
FNF:7
FNH:0
FNDA:0,(anonymous_0)
FNDA:0,(anonymous_1)
FNDA:0,(anonymous_2)
FNDA:0,(anonymous_3)
FNDA:0,(anonymous_4)
FNDA:0,(anonymous_5)
FNDA:0,(anonymous_6)
DA:6,0
DA:7,0
DA:14,0
DA:15,0
DA:22,0
DA:24,0
DA:25,0
DA:29,0
DA:30,0
DA:31,0
DA:34,0
DA:41,0
DA:48,0
DA:55,0
DA:62,0
DA:63,0
DA:65,0
DA:66,0
DA:67,0
DA:68,0
DA:72,0
DA:77,0
LF:22
LH:0
BRDA:5,0,0,0
BRDA:13,1,0,0
BRDA:24,2,0,0
BRDA:24,2,1,0
BRDA:29,3,0,0
BRDA:29,3,1,0
BRDA:66,4,0,0
BRDA:66,4,1,0
BRF:8
BRH:0
end_of_record
TN:
SF:src\utils\helpers.js
FN:8,(anonymous_0)
FN:8,(anonymous_1)
FN:13,(anonymous_2)
FN:49,(anonymous_3)
FN:64,(anonymous_4)
FN:78,(anonymous_5)
FN:89,(anonymous_6)
FN:90,(anonymous_7)
FN:101,(anonymous_8)
FNF:9
FNH:4
FNDA:0,(anonymous_0)
FNDA:0,(anonymous_1)
FNDA:0,(anonymous_2)
FNDA:0,(anonymous_3)
FNDA:1,(anonymous_4)
FNDA:2,(anonymous_5)
FNDA:1,(anonymous_6)
FNDA:5,(anonymous_7)
FNDA:0,(anonymous_8)
DA:8,1
DA:13,1
DA:19,0
DA:23,0
DA:24,0
DA:25,0
DA:27,0
DA:29,0
DA:30,0
DA:33,0
DA:35,0
DA:36,0
DA:39,0
DA:43,0
DA:49,1
DA:50,0
DA:51,0
DA:52,0
DA:54,0
DA:64,1
DA:65,1
DA:78,1
DA:79,2
DA:80,2
DA:82,1
DA:89,1
DA:90,1
DA:91,5
DA:92,3
DA:94,5
DA:101,1
DA:102,0
DA:103,0
DA:104,0
DA:105,0
DA:107,0
DA:110,1
LF:37
LH:16
BRDA:13,0,0,0
BRDA:15,1,0,0
BRDA:16,2,0,0
BRDA:17,3,0,0
BRDA:18,4,0,0
BRDA:29,5,0,0
BRDA:29,5,1,0
BRDA:35,6,0,0
BRDA:35,6,1,0
BRDA:50,7,0,0
BRDA:50,7,1,0
BRDA:51,8,0,0
BRDA:51,8,1,0
BRDA:78,9,0,1
BRDA:91,10,0,3
BRDA:91,10,1,2
BRDA:91,11,0,5
BRDA:91,11,1,4
BRDA:101,12,0,0
BRF:19
BRH:5
end_of_record
TN:
SF:src\utils\metrics.js
FN:7,(anonymous_0)
FN:31,(anonymous_1)
FN:37,(anonymous_2)
FN:65,(anonymous_3)
FN:82,(anonymous_4)
FN:99,(anonymous_5)
FN:114,(anonymous_6)
FNF:7
FNH:6
FNDA:1,(anonymous_0)
FNDA:0,(anonymous_1)
FNDA:4,(anonymous_2)
FNDA:4,(anonymous_3)
FNDA:3,(anonymous_4)
FNDA:3,(anonymous_5)
FNDA:3,(anonymous_6)
DA:4,1
DA:8,1
DA:16,1
DA:24,1
DA:31,1
DA:38,4
DA:40,4
DA:41,3
DA:43,1
DA:47,4
DA:48,2
DA:50,4
DA:53,4
DA:54,3
DA:56,4
DA:59,4
DA:66,4
DA:67,4
DA:68,4
DA:70,4
DA:71,3
DA:74,4
DA:75,3
DA:83,3
DA:85,3
DA:86,2
DA:88,3
DA:90,3
DA:91,2
DA:93,3
DA:100,3
DA:115,3
DA:117,3
DA:125,3
DA:133,3
DA:142,1
LF:36
LH:36
BRDA:40,0,0,3
BRDA:40,0,1,1
BRDA:40,1,0,4
BRDA:40,1,1,4
BRDA:47,2,0,2
BRDA:47,2,1,2
BRDA:53,3,0,3
BRDA:53,3,1,1
BRDA:70,4,0,3
BRDA:70,4,1,1
BRDA:74,5,0,3
BRDA:74,5,1,1
BRDA:85,6,0,2
BRDA:85,6,1,1
BRDA:90,7,0,2
BRDA:90,7,1,1
BRDA:104,8,0,1
BRDA:104,8,1,2
BRF:18
BRH:18
end_of_record
TN:
SF:src\utils\responseFormatter.js
FN:8,(anonymous_0)
FN:22,(anonymous_1)
FN:36,(anonymous_2)
FNF:3
FNH:0
FNDA:0,(anonymous_0)
FNDA:0,(anonymous_1)
FNDA:0,(anonymous_2)
DA:8,0
DA:9,0
DA:16,0
DA:22,0
DA:23,0
DA:30,0
DA:36,0
DA:37,0
DA:44,0
LF:9
LH:0
BRDA:8,0,0,0
BRDA:8,1,0,0
BRDA:12,2,0,0
BRDA:12,2,1,0
BRDA:13,3,0,0
BRDA:13,3,1,0
BRDA:22,4,0,0
BRDA:22,5,0,0
BRDA:27,6,0,0
BRDA:27,6,1,0
BRDA:40,7,0,0
BRDA:40,7,1,0
BRF:12
BRH:0
end_of_record
TN:
SF:src\utils\validation.js
FN:9,(anonymous_0)
FN:16,(anonymous_1)
FNF:2
FNH:0
FNDA:0,(anonymous_0)
FNDA:0,(anonymous_1)
DA:4,0
DA:9,0
DA:10,0
DA:12,0
DA:13,0
DA:16,0
DA:24,0
DA:30,0
DA:71,0
LF:9
LH:0
BRDA:12,0,0,0
BRDA:12,0,1,0
BRF:2
BRH:0
end_of_record
